Removed Pin From Net: NetName=NetC2_2 Pin=R21-1
Removed Pin From Net: NetName=NetDD1_44 Pin=S1-COM1
Removed Pin From Net: NetName=NetDD1_7 Pin=S1-COM2
Removed Pin From Net: NetName=GND Pin=S1-NO1
Removed Pin From Net: NetName=GND Pin=S1-NO2
Removed Pin From Net: NetName=GND Pin=ZQ1-2
Removed Pin From Net: NetName=GND Pin=ZQ1-4
Removed Member From Class: ClassName=Sheet1 Member=R21
Change Component Footprint: Designator=S1 Old Footprint=SW_SDA02H1SBD New Footprint=SW_1825059-6
Change Component Comment : Designator=S1 Old Comment=SDA02H1SBD New Comment=1825059-6
Change component parameters: Designator = "S1" ("S1"); Footprint = "SW_SDA02H1SBD"; UniqueID = "\VZNMLSJP" ("\VZNMLSJP")
Change component parameters (AddParameter): Name = "Availability"; Value = "Unavailable"; VariantName = "[No Variations]"
Change component parameters (AddParameter): Name = "MF"; Value = ""; VariantName = "[No Variations]"
Change component parameters (AddParameter): Name = "MP"; Value = "1825059-6"; VariantName = "[No Variations]"
Change component parameters (AddParameter): Name = "Package"; Value = "None"; VariantName = "[No Variations]"
Change component parameters (AddParameter): Name = "Price"; Value = "None"; VariantName = "[No Variations]"
Change component parameters (AddParameter): Name = "Value"; Value = ""; VariantName = "[No Variations]"
Added Pin To Net: NetName=NetC2_2 Pin=DD1-6
Added Pin To Net: NetName=NetDD1_44 Pin=S1-1
Added Pin To Net: NetName=NetDD1_7 Pin=S1-2
Added Pin To Net: NetName=GND Pin=S1-3
Added Pin To Net: NetName=GND Pin=S1-4
