Removed Pin From Net: NetName=NetDD1_40 Pin=XP6-1
Removed Pin From Net: NetName=NetDD1_39 Pin=XP6-2
Removed Pin From Net: NetName=VCC Pin=XP7-1
Removed Pin From Net: NetName=+7.4 Pin=XP7-2
Removed Pin From Net: NetName=GND Pin=XP7-3
Removed Pin From Net: NetName=NetDD1_38 Pin=XP7-4
Removed Pin From Net: NetName=NetDD1_42 Pin=XP8-1
Removed Pin From Net: NetName=NetDD1_41 Pin=XP8-2
Removed Pin From Net: NetName=NetDD1_46 Pin=XP10-1
Removed Pin From Net: NetName=NetDD1_45 Pin=XP10-2
Change Component Footprint: Designator=XP6 Old Footprint=PLS-2 New Footprint=PLS-10
Change Component Designator: OldDesignator=XP? NewDesignator=XP5
Added Pin To Net: NetName=GND Pin=XP6-1
Added Pin To Net: NetName=VCC Pin=XP6-2
Added Pin To Net: NetName=+7.4 Pin=XP6-3
Added Pin To Net: NetName=NetDD1_38 Pin=XP6-4
Added Pin To Net: NetName=NetDD1_39 Pin=XP6-5
Added Pin To Net: NetName=NetDD1_40 Pin=XP6-6
Added Pin To Net: NetName=NetDD1_41 Pin=XP6-7
Added Pin To Net: NetName=NetDD1_42 Pin=XP6-8
Added Pin To Net: NetName=NetDD1_45 Pin=XP6-9
Added Pin To Net: NetName=NetDD1_46 Pin=XP6-10
Added Member To Class: ClassName=Sheet1 Member=Component XP5 frimware
Added Member To Class: ClassName=Sheet1 Member=Component XP6 Text
