Added Component: Designator=C1(C0603)
Add component (AddParameter): Name = "Application Category"; Value = "1"; VariantName = "[No Variations]"
Add component (AddParameter): Name = "Dielectric Type"; Value = "NP0"; VariantName = "[No Variations]"
Add component (AddParameter): Name = "ID"; Value = "168"; VariantName = "[No Variations]"
Add component (AddParameter): Name = "Manufacturer"; Value = "Murata"; VariantName = "[No Variations]"
Add component (AddParameter): Name = "Part Number"; Value = "GRM1885C1H300FA01D"; VariantName = "[No Variations]"
Add component (AddParameter): Name = "Published"; Value = "18.05.2010"; VariantName = "[No Variations]"
Add component (AddParameter): Name = "Publisher"; Value = "Andrew Danich"; VariantName = "[No Variations]"
Add component (AddParameter): Name = "Tolerance"; Value = "±1%"; VariantName = "[No Variations]"
Add component (AddParameter): Name = "Type"; Value = "Конденсатор"; VariantName = "[No Variations]"
Add component (AddParameter): Name = "Value"; Value = "30pF"; VariantName = "[No Variations]"
Add component (AddParameter): Name = "Voltage"; Value = "50V"; VariantName = "[No Variations]"
Added Component: Designator=C2(C0603)
Add component (AddParameter): Name = "Application Category"; Value = "1"; VariantName = "[No Variations]"
Add component (AddParameter): Name = "Dielectric Type"; Value = "NP0"; VariantName = "[No Variations]"
Add component (AddParameter): Name = "ID"; Value = "168"; VariantName = "[No Variations]"
Add component (AddParameter): Name = "Manufacturer"; Value = "Murata"; VariantName = "[No Variations]"
Add component (AddParameter): Name = "Part Number"; Value = "GRM1885C1H300FA01D"; VariantName = "[No Variations]"
Add component (AddParameter): Name = "Published"; Value = "18.05.2010"; VariantName = "[No Variations]"
Add component (AddParameter): Name = "Publisher"; Value = "Andrew Danich"; VariantName = "[No Variations]"
Add component (AddParameter): Name = "Tolerance"; Value = "±1%"; VariantName = "[No Variations]"
Add component (AddParameter): Name = "Type"; Value = "Конденсатор"; VariantName = "[No Variations]"
Add component (AddParameter): Name = "Value"; Value = "30pF"; VariantName = "[No Variations]"
Add component (AddParameter): Name = "Voltage"; Value = "50V"; VariantName = "[No Variations]"
Added Component: Designator=C3(C0603)
Add component (AddParameter): Name = "Application Category"; Value = "1"; VariantName = "[No Variations]"
Add component (AddParameter): Name = "Dielectric Type"; Value = "X7R"; VariantName = "[No Variations]"
Add component (AddParameter): Name = "ID"; Value = "131"; VariantName = "[No Variations]"
Add component (AddParameter): Name = "Manufacturer"; Value = "Murata"; VariantName = "[No Variations]"
Add component (AddParameter): Name = "Part Number"; Value = "GRM188R71C104KA01D"; VariantName = "[No Variations]"
Add component (AddParameter): Name = "Published"; Value = "18.05.2010"; VariantName = "[No Variations]"
Add component (AddParameter): Name = "Publisher"; Value = "Andrew Danich"; VariantName = "[No Variations]"
Add component (AddParameter): Name = "Tolerance"; Value = "±10%"; VariantName = "[No Variations]"
Add component (AddParameter): Name = "Type"; Value = "Конденсатор"; VariantName = "[No Variations]"
Add component (AddParameter): Name = "Value"; Value = "0.1uF"; VariantName = "[No Variations]"
Add component (AddParameter): Name = "Voltage"; Value = "16V"; VariantName = "[No Variations]"
Add component (AddParameter): Name = "Working Temperature Max"; Value = "+125°С"; VariantName = "[No Variations]"
Add component (AddParameter): Name = "Working Temperature Min"; Value = "-55°С"; VariantName = "[No Variations]"
Added Component: Designator=C4(C3216-p)
Add component (AddParameter): Name = "Application Category"; Value = "1"; VariantName = "[No Variations]"
Add component (AddParameter): Name = "ESR"; Value = "4ohm"; VariantName = "[No Variations]"
Add component (AddParameter): Name = "ID"; Value = "25"; VariantName = "[No Variations]"
Add component (AddParameter): Name = "Leakage Current"; Value = "600nA"; VariantName = "[No Variations]"
Add component (AddParameter): Name = "Manufacturer"; Value = "Kemet"; VariantName = "[No Variations]"
Add component (AddParameter): Name = "Part Number"; Value = "T491A106K006AT"; VariantName = "[No Variations]"
Add component (AddParameter): Name = "Published"; Value = "23.04.2010"; VariantName = "[No Variations]"
Add component (AddParameter): Name = "Publisher"; Value = "Andrew Danich"; VariantName = "[No Variations]"
Add component (AddParameter): Name = "Tolerance"; Value = "±10%"; VariantName = "[No Variations]"
Add component (AddParameter): Name = "Type"; Value = "Конденсатор"; VariantName = "[No Variations]"
Add component (AddParameter): Name = "Value"; Value = "10uF"; VariantName = "[No Variations]"
Add component (AddParameter): Name = "Voltage"; Value = "6.3V"; VariantName = "[No Variations]"
Add component (AddParameter): Name = "Working Temperature Max"; Value = "+125°С"; VariantName = "[No Variations]"
Add component (AddParameter): Name = "Working Temperature Min"; Value = "-55°С"; VariantName = "[No Variations]"
Added Component: Designator=C5(C0603)
Add component (AddParameter): Name = "Application Category"; Value = "1"; VariantName = "[No Variations]"
Add component (AddParameter): Name = "Dielectric Type"; Value = "X7R"; VariantName = "[No Variations]"
Add component (AddParameter): Name = "ID"; Value = "131"; VariantName = "[No Variations]"
Add component (AddParameter): Name = "Manufacturer"; Value = "Murata"; VariantName = "[No Variations]"
Add component (AddParameter): Name = "Part Number"; Value = "GRM188R71C104KA01D"; VariantName = "[No Variations]"
Add component (AddParameter): Name = "Published"; Value = "18.05.2010"; VariantName = "[No Variations]"
Add component (AddParameter): Name = "Publisher"; Value = "Andrew Danich"; VariantName = "[No Variations]"
Add component (AddParameter): Name = "Tolerance"; Value = "±10%"; VariantName = "[No Variations]"
Add component (AddParameter): Name = "Type"; Value = "Конденсатор"; VariantName = "[No Variations]"
Add component (AddParameter): Name = "Value"; Value = "0.1uF"; VariantName = "[No Variations]"
Add component (AddParameter): Name = "Voltage"; Value = "16V"; VariantName = "[No Variations]"
Add component (AddParameter): Name = "Working Temperature Max"; Value = "+125°С"; VariantName = "[No Variations]"
Add component (AddParameter): Name = "Working Temperature Min"; Value = "-55°С"; VariantName = "[No Variations]"
Added Component: Designator=C6(C3216-p)
Add component (AddParameter): Name = "Application Category"; Value = "1"; VariantName = "[No Variations]"
Add component (AddParameter): Name = "ESR"; Value = "4ohm"; VariantName = "[No Variations]"
Add component (AddParameter): Name = "ID"; Value = "25"; VariantName = "[No Variations]"
Add component (AddParameter): Name = "Leakage Current"; Value = "600nA"; VariantName = "[No Variations]"
Add component (AddParameter): Name = "Manufacturer"; Value = "Kemet"; VariantName = "[No Variations]"
Add component (AddParameter): Name = "Part Number"; Value = "T491A106K006AT"; VariantName = "[No Variations]"
Add component (AddParameter): Name = "Published"; Value = "23.04.2010"; VariantName = "[No Variations]"
Add component (AddParameter): Name = "Publisher"; Value = "Andrew Danich"; VariantName = "[No Variations]"
Add component (AddParameter): Name = "Tolerance"; Value = "±10%"; VariantName = "[No Variations]"
Add component (AddParameter): Name = "Type"; Value = "Конденсатор"; VariantName = "[No Variations]"
Add component (AddParameter): Name = "Value"; Value = "10uF"; VariantName = "[No Variations]"
Add component (AddParameter): Name = "Voltage"; Value = "6.3V"; VariantName = "[No Variations]"
Add component (AddParameter): Name = "Working Temperature Max"; Value = "+125°С"; VariantName = "[No Variations]"
Add component (AddParameter): Name = "Working Temperature Min"; Value = "-55°С"; VariantName = "[No Variations]"
Added Component: Designator=C7(C0603)
Add component (AddParameter): Name = "Application Category"; Value = "1"; VariantName = "[No Variations]"
Add component (AddParameter): Name = "Dielectric Type"; Value = "X7R"; VariantName = "[No Variations]"
Add component (AddParameter): Name = "ID"; Value = "131"; VariantName = "[No Variations]"
Add component (AddParameter): Name = "Manufacturer"; Value = "Murata"; VariantName = "[No Variations]"
Add component (AddParameter): Name = "Part Number"; Value = "GRM188R71C104KA01D"; VariantName = "[No Variations]"
Add component (AddParameter): Name = "Published"; Value = "18.05.2010"; VariantName = "[No Variations]"
Add component (AddParameter): Name = "Publisher"; Value = "Andrew Danich"; VariantName = "[No Variations]"
Add component (AddParameter): Name = "Tolerance"; Value = "±10%"; VariantName = "[No Variations]"
Add component (AddParameter): Name = "Type"; Value = "Конденсатор"; VariantName = "[No Variations]"
Add component (AddParameter): Name = "Value"; Value = "0.1uF"; VariantName = "[No Variations]"
Add component (AddParameter): Name = "Voltage"; Value = "16V"; VariantName = "[No Variations]"
Add component (AddParameter): Name = "Working Temperature Max"; Value = "+125°С"; VariantName = "[No Variations]"
Add component (AddParameter): Name = "Working Temperature Min"; Value = "-55°С"; VariantName = "[No Variations]"
Added Component: Designator=DA1(SOT-223)
Add component (AddParameter): Name = "ID"; Value = "5"; VariantName = "[No Variations]"
Add component (AddParameter): Name = "Input Voltage"; Value = "+8.5…20V"; VariantName = "[No Variations]"
Add component (AddParameter): Name = "Output Current"; Value = "800mA"; VariantName = "[No Variations]"
Add component (AddParameter): Name = "Output Voltage"; Value = "+ADJ"; VariantName = "[No Variations]"
Add component (AddParameter): Name = "Part Number"; Value = "LM1117MPX-ADJ"; VariantName = "[No Variations]"
Add component (AddParameter): Name = "Published"; Value = "13.08.2015"; VariantName = "[No Variations]"
Add component (AddParameter): Name = "Publisher"; Value = "Andrew Danich"; VariantName = "[No Variations]"
Add component (AddParameter): Name = "RegType"; Value = ""; VariantName = "[No Variations]"
Add component (AddParameter): Name = "Type"; Value = "Микросхема"; VariantName = "[No Variations]"
Add component (AddParameter): Name = "Value"; Value = "LM1117MPX-ADJ"; VariantName = "[No Variations]"
Added Component: Designator=DD1(LQFP-48)
Add component (AddParameter): Name = "Application Category"; Value = "1"; VariantName = "[No Variations]"
Add component (AddParameter): Name = "EEPROM"; Value = "-"; VariantName = "[No Variations]"
Add component (AddParameter): Name = "Flash"; Value = "64K"; VariantName = "[No Variations]"
Add component (AddParameter): Name = "I/O Lines"; Value = "37"; VariantName = "[No Variations]"
Add component (AddParameter): Name = "ID"; Value = "20"; VariantName = "[No Variations]"
Add component (AddParameter): Name = "Manufacturer"; Value = "STMicroelectronics"; VariantName = "[No Variations]"
Add component (AddParameter): Name = "Operation Frequency"; Value = "72MHz"; VariantName = "[No Variations]"
Add component (AddParameter): Name = "Part Number"; Value = "STM32F103C8T6"; VariantName = "[No Variations]"
Add component (AddParameter): Name = "Prog Interface"; Value = "JTAG, SWD, UART"; VariantName = "[No Variations]"
Add component (AddParameter): Name = "Published"; Value = "16.10.2015"; VariantName = "[No Variations]"
Add component (AddParameter): Name = "Publisher"; Value = "Andrew Danich"; VariantName = "[No Variations]"
Add component (AddParameter): Name = "SRAM"; Value = "20K"; VariantName = "[No Variations]"
Add component (AddParameter): Name = "Supply Operation"; Value = "+2.0…3.6V"; VariantName = "[No Variations]"
Add component (AddParameter): Name = "Type"; Value = "Микросхема"; VariantName = "[No Variations]"
Add component (AddParameter): Name = "Value"; Value = "STM32F103C8T6"; VariantName = "[No Variations]"
Add component (AddParameter): Name = "Working Temperature Max"; Value = "+85°С"; VariantName = "[No Variations]"
Add component (AddParameter): Name = "Working Temperature Min"; Value = "-40°С"; VariantName = "[No Variations]"
Added Component: Designator=HL1(LD0805)
Add component (AddParameter): Name = "Application Category"; Value = "1"; VariantName = "[No Variations]"
Add component (AddParameter): Name = "Color"; Value = "Green"; VariantName = "[No Variations]"
Add component (AddParameter): Name = "Forward Current"; Value = "25mA"; VariantName = "[No Variations]"
Add component (AddParameter): Name = "Forward Voltage"; Value = "2.5V"; VariantName = "[No Variations]"
Add component (AddParameter): Name = "ID"; Value = "21"; VariantName = "[No Variations]"
Add component (AddParameter): Name = "Leds"; Value = "1"; VariantName = "[No Variations]"
Add component (AddParameter): Name = "Manufacturer"; Value = "Kingbright"; VariantName = "[No Variations]"
Add component (AddParameter): Name = "Part Number"; Value = "KP-2012SGC"; VariantName = "[No Variations]"
Add component (AddParameter): Name = "Power Dissipation"; Value = "62.5mW"; VariantName = "[No Variations]"
Add component (AddParameter): Name = "Published"; Value = "03.12.2013"; VariantName = "[No Variations]"
Add component (AddParameter): Name = "Publisher"; Value = "Andrew Danich"; VariantName = "[No Variations]"
Add component (AddParameter): Name = "Type"; Value = "Индикатор единичный"; VariantName = "[No Variations]"
Add component (AddParameter): Name = "Value"; Value = "KP-2012SGC"; VariantName = "[No Variations]"
Add component (AddParameter): Name = "Working Temperature Max"; Value = "+85°С"; VariantName = "[No Variations]"
Add component (AddParameter): Name = "Working Temperature Min"; Value = "-40°С"; VariantName = "[No Variations]"
Added Component: Designator=R1(R0402)
Add component (AddParameter): Name = "Application Category"; Value = "1"; VariantName = "[No Variations]"
Add component (AddParameter): Name = "ID"; Value = "1"; VariantName = "[No Variations]"
Add component (AddParameter): Name = "Limit Voltage"; Value = "50V"; VariantName = "[No Variations]"
Add component (AddParameter): Name = "Manufacturer"; Value = "Yageo"; VariantName = "[No Variations]"
Add component (AddParameter): Name = "Part Number"; Value = "RC0402FR-07100KL"; VariantName = "[No Variations]"
Add component (AddParameter): Name = "Published"; Value = "24.03.2010"; VariantName = "[No Variations]"
Add component (AddParameter): Name = "Publisher"; Value = "Andrew Danich"; VariantName = "[No Variations]"
Add component (AddParameter): Name = "Series Type"; Value = "Thick-Film"; VariantName = "[No Variations]"
Add component (AddParameter): Name = "Temperature Coefficient"; Value = "100ppm"; VariantName = "[No Variations]"
Add component (AddParameter): Name = "Tolerance"; Value = "±1%"; VariantName = "[No Variations]"
Add component (AddParameter): Name = "Total Power Dissipation"; Value = "0.1W"; VariantName = "[No Variations]"
Add component (AddParameter): Name = "Type"; Value = "Резистор"; VariantName = "[No Variations]"
Add component (AddParameter): Name = "Value"; Value = "100k"; VariantName = "[No Variations]"
Add component (AddParameter): Name = "Working Temperature Max"; Value = "+155°С"; VariantName = "[No Variations]"
Add component (AddParameter): Name = "Working Temperature Min"; Value = "-55°С"; VariantName = "[No Variations]"
Added Component: Designator=R2(R0402)
Add component (AddParameter): Name = "Application Category"; Value = "1"; VariantName = "[No Variations]"
Add component (AddParameter): Name = "ID"; Value = "1"; VariantName = "[No Variations]"
Add component (AddParameter): Name = "Limit Voltage"; Value = "50V"; VariantName = "[No Variations]"
Add component (AddParameter): Name = "Manufacturer"; Value = "Yageo"; VariantName = "[No Variations]"
Add component (AddParameter): Name = "Part Number"; Value = "RC0402FR-07100KL"; VariantName = "[No Variations]"
Add component (AddParameter): Name = "Published"; Value = "24.03.2010"; VariantName = "[No Variations]"
Add component (AddParameter): Name = "Publisher"; Value = "Andrew Danich"; VariantName = "[No Variations]"
Add component (AddParameter): Name = "Series Type"; Value = "Thick-Film"; VariantName = "[No Variations]"
Add component (AddParameter): Name = "Temperature Coefficient"; Value = "100ppm"; VariantName = "[No Variations]"
Add component (AddParameter): Name = "Tolerance"; Value = "±1%"; VariantName = "[No Variations]"
Add component (AddParameter): Name = "Total Power Dissipation"; Value = "0.1W"; VariantName = "[No Variations]"
Add component (AddParameter): Name = "Type"; Value = "Резистор"; VariantName = "[No Variations]"
Add component (AddParameter): Name = "Value"; Value = "100k"; VariantName = "[No Variations]"
Add component (AddParameter): Name = "Working Temperature Max"; Value = "+155°С"; VariantName = "[No Variations]"
Add component (AddParameter): Name = "Working Temperature Min"; Value = "-55°С"; VariantName = "[No Variations]"
Added Component: Designator=R3(R0603)
Add component (AddParameter): Name = "Application Category"; Value = "1"; VariantName = "[No Variations]"
Add component (AddParameter): Name = "Functional Analog"; Value = "CR0603-JW-103E"; VariantName = "[No Variations]"
Add component (AddParameter): Name = "ID"; Value = "12"; VariantName = "[No Variations]"
Add component (AddParameter): Name = "Limit Voltage"; Value = "50V"; VariantName = "[No Variations]"
Add component (AddParameter): Name = "Manufacturer"; Value = "Yageo"; VariantName = "[No Variations]"
Add component (AddParameter): Name = "Part Number"; Value = "RC0603JR-0710KL"; VariantName = "[No Variations]"
Add component (AddParameter): Name = "Published"; Value = "24.03.2010"; VariantName = "[No Variations]"
Add component (AddParameter): Name = "Publisher"; Value = "Andrew Danich"; VariantName = "[No Variations]"
Add component (AddParameter): Name = "Series Type"; Value = "Thick-Film"; VariantName = "[No Variations]"
Add component (AddParameter): Name = "Temperature Coefficient"; Value = "100ppm"; VariantName = "[No Variations]"
Add component (AddParameter): Name = "Tolerance"; Value = "±5%"; VariantName = "[No Variations]"
Add component (AddParameter): Name = "Total Power Dissipation"; Value = "0.1W"; VariantName = "[No Variations]"
Add component (AddParameter): Name = "Type"; Value = "Резистор"; VariantName = "[No Variations]"
Add component (AddParameter): Name = "Value"; Value = "10k"; VariantName = "[No Variations]"
Add component (AddParameter): Name = "Working Temperature Max"; Value = "+155°С"; VariantName = "[No Variations]"
Add component (AddParameter): Name = "Working Temperature Min"; Value = "-55°С"; VariantName = "[No Variations]"
Added Component: Designator=R4(R0603)
Add component (AddParameter): Name = "Application Category"; Value = "1"; VariantName = "[No Variations]"
Add component (AddParameter): Name = "Functional Analog"; Value = "CR0603-JW-103E"; VariantName = "[No Variations]"
Add component (AddParameter): Name = "ID"; Value = "12"; VariantName = "[No Variations]"
Add component (AddParameter): Name = "Limit Voltage"; Value = "50V"; VariantName = "[No Variations]"
Add component (AddParameter): Name = "Manufacturer"; Value = "Yageo"; VariantName = "[No Variations]"
Add component (AddParameter): Name = "Part Number"; Value = "RC0603JR-0710KL"; VariantName = "[No Variations]"
Add component (AddParameter): Name = "Published"; Value = "24.03.2010"; VariantName = "[No Variations]"
Add component (AddParameter): Name = "Publisher"; Value = "Andrew Danich"; VariantName = "[No Variations]"
Add component (AddParameter): Name = "Series Type"; Value = "Thick-Film"; VariantName = "[No Variations]"
Add component (AddParameter): Name = "Temperature Coefficient"; Value = "100ppm"; VariantName = "[No Variations]"
Add component (AddParameter): Name = "Tolerance"; Value = "±5%"; VariantName = "[No Variations]"
Add component (AddParameter): Name = "Total Power Dissipation"; Value = "0.1W"; VariantName = "[No Variations]"
Add component (AddParameter): Name = "Type"; Value = "Резистор"; VariantName = "[No Variations]"
Add component (AddParameter): Name = "Value"; Value = "10k"; VariantName = "[No Variations]"
Add component (AddParameter): Name = "Working Temperature Max"; Value = "+155°С"; VariantName = "[No Variations]"
Add component (AddParameter): Name = "Working Temperature Min"; Value = "-55°С"; VariantName = "[No Variations]"
Added Component: Designator=R5(R0603)
Add component (AddParameter): Name = "Application Category"; Value = "1"; VariantName = "[No Variations]"
Add component (AddParameter): Name = "Functional Analog"; Value = "CR0603-JW-104E"; VariantName = "[No Variations]"
Add component (AddParameter): Name = "ID"; Value = "11"; VariantName = "[No Variations]"
Add component (AddParameter): Name = "Limit Voltage"; Value = "50V"; VariantName = "[No Variations]"
Add component (AddParameter): Name = "Manufacturer"; Value = "Yageo"; VariantName = "[No Variations]"
Add component (AddParameter): Name = "Part Number"; Value = "RC0603JR-07100KL"; VariantName = "[No Variations]"
Add component (AddParameter): Name = "Published"; Value = "24.03.2010"; VariantName = "[No Variations]"
Add component (AddParameter): Name = "Publisher"; Value = "Andrew Danich"; VariantName = "[No Variations]"
Add component (AddParameter): Name = "Series Type"; Value = "Thick-Film"; VariantName = "[No Variations]"
Add component (AddParameter): Name = "Temperature Coefficient"; Value = "100ppm"; VariantName = "[No Variations]"
Add component (AddParameter): Name = "Tolerance"; Value = "±5%"; VariantName = "[No Variations]"
Add component (AddParameter): Name = "Total Power Dissipation"; Value = "0.1W"; VariantName = "[No Variations]"
Add component (AddParameter): Name = "Type"; Value = "Резистор"; VariantName = "[No Variations]"
Add component (AddParameter): Name = "Value"; Value = "100k"; VariantName = "[No Variations]"
Add component (AddParameter): Name = "Working Temperature Max"; Value = "+155°С"; VariantName = "[No Variations]"
Add component (AddParameter): Name = "Working Temperature Min"; Value = "-55°С"; VariantName = "[No Variations]"
Added Component: Designator=R6(R0603)
Add component (AddParameter): Name = "Application Category"; Value = "1"; VariantName = "[No Variations]"
Add component (AddParameter): Name = "Functional Analog"; Value = "CR0603-JW-103E"; VariantName = "[No Variations]"
Add component (AddParameter): Name = "ID"; Value = "12"; VariantName = "[No Variations]"
Add component (AddParameter): Name = "Limit Voltage"; Value = "50V"; VariantName = "[No Variations]"
Add component (AddParameter): Name = "Manufacturer"; Value = "Yageo"; VariantName = "[No Variations]"
Add component (AddParameter): Name = "Part Number"; Value = "RC0603JR-0710KL"; VariantName = "[No Variations]"
Add component (AddParameter): Name = "Published"; Value = "24.03.2010"; VariantName = "[No Variations]"
Add component (AddParameter): Name = "Publisher"; Value = "Andrew Danich"; VariantName = "[No Variations]"
Add component (AddParameter): Name = "Series Type"; Value = "Thick-Film"; VariantName = "[No Variations]"
Add component (AddParameter): Name = "Temperature Coefficient"; Value = "100ppm"; VariantName = "[No Variations]"
Add component (AddParameter): Name = "Tolerance"; Value = "±5%"; VariantName = "[No Variations]"
Add component (AddParameter): Name = "Total Power Dissipation"; Value = "0.1W"; VariantName = "[No Variations]"
Add component (AddParameter): Name = "Type"; Value = "Резистор"; VariantName = "[No Variations]"
Add component (AddParameter): Name = "Value"; Value = "10k"; VariantName = "[No Variations]"
Add component (AddParameter): Name = "Working Temperature Max"; Value = "+155°С"; VariantName = "[No Variations]"
Add component (AddParameter): Name = "Working Temperature Min"; Value = "-55°С"; VariantName = "[No Variations]"
Added Component: Designator=R7(R0603)
Add component (AddParameter): Name = "Application Category"; Value = "1"; VariantName = "[No Variations]"
Add component (AddParameter): Name = "Functional Analog"; Value = "CR0603-JW-103E"; VariantName = "[No Variations]"
Add component (AddParameter): Name = "ID"; Value = "12"; VariantName = "[No Variations]"
Add component (AddParameter): Name = "Limit Voltage"; Value = "50V"; VariantName = "[No Variations]"
Add component (AddParameter): Name = "Manufacturer"; Value = "Yageo"; VariantName = "[No Variations]"
Add component (AddParameter): Name = "Part Number"; Value = "RC0603JR-0710KL"; VariantName = "[No Variations]"
Add component (AddParameter): Name = "Published"; Value = "24.03.2010"; VariantName = "[No Variations]"
Add component (AddParameter): Name = "Publisher"; Value = "Andrew Danich"; VariantName = "[No Variations]"
Add component (AddParameter): Name = "Series Type"; Value = "Thick-Film"; VariantName = "[No Variations]"
Add component (AddParameter): Name = "Temperature Coefficient"; Value = "100ppm"; VariantName = "[No Variations]"
Add component (AddParameter): Name = "Tolerance"; Value = "±5%"; VariantName = "[No Variations]"
Add component (AddParameter): Name = "Total Power Dissipation"; Value = "0.1W"; VariantName = "[No Variations]"
Add component (AddParameter): Name = "Type"; Value = "Резистор"; VariantName = "[No Variations]"
Add component (AddParameter): Name = "Value"; Value = "10k"; VariantName = "[No Variations]"
Add component (AddParameter): Name = "Working Temperature Max"; Value = "+155°С"; VariantName = "[No Variations]"
Add component (AddParameter): Name = "Working Temperature Min"; Value = "-55°С"; VariantName = "[No Variations]"
Added Component: Designator=R8(R0603)
Add component (AddParameter): Name = "Application Category"; Value = "1"; VariantName = "[No Variations]"
Add component (AddParameter): Name = "Functional Analog"; Value = "CR0603-JW-103E"; VariantName = "[No Variations]"
Add component (AddParameter): Name = "ID"; Value = "12"; VariantName = "[No Variations]"
Add component (AddParameter): Name = "Limit Voltage"; Value = "50V"; VariantName = "[No Variations]"
Add component (AddParameter): Name = "Manufacturer"; Value = "Yageo"; VariantName = "[No Variations]"
Add component (AddParameter): Name = "Part Number"; Value = "RC0603JR-0710KL"; VariantName = "[No Variations]"
Add component (AddParameter): Name = "Published"; Value = "24.03.2010"; VariantName = "[No Variations]"
Add component (AddParameter): Name = "Publisher"; Value = "Andrew Danich"; VariantName = "[No Variations]"
Add component (AddParameter): Name = "Series Type"; Value = "Thick-Film"; VariantName = "[No Variations]"
Add component (AddParameter): Name = "Temperature Coefficient"; Value = "100ppm"; VariantName = "[No Variations]"
Add component (AddParameter): Name = "Tolerance"; Value = "±5%"; VariantName = "[No Variations]"
Add component (AddParameter): Name = "Total Power Dissipation"; Value = "0.1W"; VariantName = "[No Variations]"
Add component (AddParameter): Name = "Type"; Value = "Резистор"; VariantName = "[No Variations]"
Add component (AddParameter): Name = "Value"; Value = "10k"; VariantName = "[No Variations]"
Add component (AddParameter): Name = "Working Temperature Max"; Value = "+155°С"; VariantName = "[No Variations]"
Add component (AddParameter): Name = "Working Temperature Min"; Value = "-55°С"; VariantName = "[No Variations]"
Added Component: Designator=R9(R0603)
Add component (AddParameter): Name = "Application Category"; Value = "1"; VariantName = "[No Variations]"
Add component (AddParameter): Name = "Functional Analog"; Value = "CR0603-JW-103E"; VariantName = "[No Variations]"
Add component (AddParameter): Name = "ID"; Value = "12"; VariantName = "[No Variations]"
Add component (AddParameter): Name = "Limit Voltage"; Value = "50V"; VariantName = "[No Variations]"
Add component (AddParameter): Name = "Manufacturer"; Value = "Yageo"; VariantName = "[No Variations]"
Add component (AddParameter): Name = "Part Number"; Value = "RC0603JR-0710KL"; VariantName = "[No Variations]"
Add component (AddParameter): Name = "Published"; Value = "24.03.2010"; VariantName = "[No Variations]"
Add component (AddParameter): Name = "Publisher"; Value = "Andrew Danich"; VariantName = "[No Variations]"
Add component (AddParameter): Name = "Series Type"; Value = "Thick-Film"; VariantName = "[No Variations]"
Add component (AddParameter): Name = "Temperature Coefficient"; Value = "100ppm"; VariantName = "[No Variations]"
Add component (AddParameter): Name = "Tolerance"; Value = "±5%"; VariantName = "[No Variations]"
Add component (AddParameter): Name = "Total Power Dissipation"; Value = "0.1W"; VariantName = "[No Variations]"
Add component (AddParameter): Name = "Type"; Value = "Резистор"; VariantName = "[No Variations]"
Add component (AddParameter): Name = "Value"; Value = "10k"; VariantName = "[No Variations]"
Add component (AddParameter): Name = "Working Temperature Max"; Value = "+155°С"; VariantName = "[No Variations]"
Add component (AddParameter): Name = "Working Temperature Min"; Value = "-55°С"; VariantName = "[No Variations]"
Added Component: Designator=R10(R0603)
Add component (AddParameter): Name = "Application Category"; Value = "1"; VariantName = "[No Variations]"
Add component (AddParameter): Name = "Functional Analog"; Value = "CR0603-JW-104E"; VariantName = "[No Variations]"
Add component (AddParameter): Name = "ID"; Value = "11"; VariantName = "[No Variations]"
Add component (AddParameter): Name = "Limit Voltage"; Value = "50V"; VariantName = "[No Variations]"
Add component (AddParameter): Name = "Manufacturer"; Value = "Yageo"; VariantName = "[No Variations]"
Add component (AddParameter): Name = "Part Number"; Value = "RC0603JR-07100KL"; VariantName = "[No Variations]"
Add component (AddParameter): Name = "Published"; Value = "24.03.2010"; VariantName = "[No Variations]"
Add component (AddParameter): Name = "Publisher"; Value = "Andrew Danich"; VariantName = "[No Variations]"
Add component (AddParameter): Name = "Series Type"; Value = "Thick-Film"; VariantName = "[No Variations]"
Add component (AddParameter): Name = "Temperature Coefficient"; Value = "100ppm"; VariantName = "[No Variations]"
Add component (AddParameter): Name = "Tolerance"; Value = "±5%"; VariantName = "[No Variations]"
Add component (AddParameter): Name = "Total Power Dissipation"; Value = "0.1W"; VariantName = "[No Variations]"
Add component (AddParameter): Name = "Type"; Value = "Резистор"; VariantName = "[No Variations]"
Add component (AddParameter): Name = "Value"; Value = "100k"; VariantName = "[No Variations]"
Add component (AddParameter): Name = "Working Temperature Max"; Value = "+155°С"; VariantName = "[No Variations]"
Add component (AddParameter): Name = "Working Temperature Min"; Value = "-55°С"; VariantName = "[No Variations]"
Added Component: Designator=R11(R0603)
Add component (AddParameter): Name = "Application Category"; Value = "1"; VariantName = "[No Variations]"
Add component (AddParameter): Name = "Functional Analog"; Value = "CR0603-JW-103E"; VariantName = "[No Variations]"
Add component (AddParameter): Name = "ID"; Value = "12"; VariantName = "[No Variations]"
Add component (AddParameter): Name = "Limit Voltage"; Value = "50V"; VariantName = "[No Variations]"
Add component (AddParameter): Name = "Manufacturer"; Value = "Yageo"; VariantName = "[No Variations]"
Add component (AddParameter): Name = "Part Number"; Value = "RC0603JR-0710KL"; VariantName = "[No Variations]"
Add component (AddParameter): Name = "Published"; Value = "24.03.2010"; VariantName = "[No Variations]"
Add component (AddParameter): Name = "Publisher"; Value = "Andrew Danich"; VariantName = "[No Variations]"
Add component (AddParameter): Name = "Series Type"; Value = "Thick-Film"; VariantName = "[No Variations]"
Add component (AddParameter): Name = "Temperature Coefficient"; Value = "100ppm"; VariantName = "[No Variations]"
Add component (AddParameter): Name = "Tolerance"; Value = "±5%"; VariantName = "[No Variations]"
Add component (AddParameter): Name = "Total Power Dissipation"; Value = "0.1W"; VariantName = "[No Variations]"
Add component (AddParameter): Name = "Type"; Value = "Резистор"; VariantName = "[No Variations]"
Add component (AddParameter): Name = "Value"; Value = "10k"; VariantName = "[No Variations]"
Add component (AddParameter): Name = "Working Temperature Max"; Value = "+155°С"; VariantName = "[No Variations]"
Add component (AddParameter): Name = "Working Temperature Min"; Value = "-55°С"; VariantName = "[No Variations]"
Added Component: Designator=R12(R0603)
Add component (AddParameter): Name = "Application Category"; Value = "1"; VariantName = "[No Variations]"
Add component (AddParameter): Name = "Functional Analog"; Value = "CR0603-JW-103E"; VariantName = "[No Variations]"
Add component (AddParameter): Name = "ID"; Value = "12"; VariantName = "[No Variations]"
Add component (AddParameter): Name = "Limit Voltage"; Value = "50V"; VariantName = "[No Variations]"
Add component (AddParameter): Name = "Manufacturer"; Value = "Yageo"; VariantName = "[No Variations]"
Add component (AddParameter): Name = "Part Number"; Value = "RC0603JR-0710KL"; VariantName = "[No Variations]"
Add component (AddParameter): Name = "Published"; Value = "24.03.2010"; VariantName = "[No Variations]"
Add component (AddParameter): Name = "Publisher"; Value = "Andrew Danich"; VariantName = "[No Variations]"
Add component (AddParameter): Name = "Series Type"; Value = "Thick-Film"; VariantName = "[No Variations]"
Add component (AddParameter): Name = "Temperature Coefficient"; Value = "100ppm"; VariantName = "[No Variations]"
Add component (AddParameter): Name = "Tolerance"; Value = "±5%"; VariantName = "[No Variations]"
Add component (AddParameter): Name = "Total Power Dissipation"; Value = "0.1W"; VariantName = "[No Variations]"
Add component (AddParameter): Name = "Type"; Value = "Резистор"; VariantName = "[No Variations]"
Add component (AddParameter): Name = "Value"; Value = "10k"; VariantName = "[No Variations]"
Add component (AddParameter): Name = "Working Temperature Max"; Value = "+155°С"; VariantName = "[No Variations]"
Add component (AddParameter): Name = "Working Temperature Min"; Value = "-55°С"; VariantName = "[No Variations]"
Added Component: Designator=R13(R0603)
Add component (AddParameter): Name = "Application Category"; Value = "1"; VariantName = "[No Variations]"
Add component (AddParameter): Name = "Functional Analog"; Value = "CR0603-JW-102E"; VariantName = "[No Variations]"
Add component (AddParameter): Name = "ID"; Value = "19"; VariantName = "[No Variations]"
Add component (AddParameter): Name = "Limit Voltage"; Value = "50V"; VariantName = "[No Variations]"
Add component (AddParameter): Name = "Manufacturer"; Value = "Yageo"; VariantName = "[No Variations]"
Add component (AddParameter): Name = "Part Number"; Value = "RC0603JR-071KL"; VariantName = "[No Variations]"
Add component (AddParameter): Name = "Published"; Value = "24.03.2010"; VariantName = "[No Variations]"
Add component (AddParameter): Name = "Publisher"; Value = "Andrew Danich"; VariantName = "[No Variations]"
Add component (AddParameter): Name = "Series Type"; Value = "Thick-Film"; VariantName = "[No Variations]"
Add component (AddParameter): Name = "Temperature Coefficient"; Value = "100ppm"; VariantName = "[No Variations]"
Add component (AddParameter): Name = "Tolerance"; Value = "±5%"; VariantName = "[No Variations]"
Add component (AddParameter): Name = "Total Power Dissipation"; Value = "0.1W"; VariantName = "[No Variations]"
Add component (AddParameter): Name = "Type"; Value = "Резистор"; VariantName = "[No Variations]"
Add component (AddParameter): Name = "Value"; Value = "1k"; VariantName = "[No Variations]"
Add component (AddParameter): Name = "Working Temperature Max"; Value = "+155°С"; VariantName = "[No Variations]"
Add component (AddParameter): Name = "Working Temperature Min"; Value = "-55°С"; VariantName = "[No Variations]"
Added Component: Designator=R14(R0603)
Add component (AddParameter): Name = "Application Category"; Value = "1"; VariantName = "[No Variations]"
Add component (AddParameter): Name = "Functional Analog"; Value = "CR0603-JW-102E"; VariantName = "[No Variations]"
Add component (AddParameter): Name = "ID"; Value = "19"; VariantName = "[No Variations]"
Add component (AddParameter): Name = "Limit Voltage"; Value = "50V"; VariantName = "[No Variations]"
Add component (AddParameter): Name = "Manufacturer"; Value = "Yageo"; VariantName = "[No Variations]"
Add component (AddParameter): Name = "Part Number"; Value = "RC0603JR-071KL"; VariantName = "[No Variations]"
Add component (AddParameter): Name = "Published"; Value = "24.03.2010"; VariantName = "[No Variations]"
Add component (AddParameter): Name = "Publisher"; Value = "Andrew Danich"; VariantName = "[No Variations]"
Add component (AddParameter): Name = "Series Type"; Value = "Thick-Film"; VariantName = "[No Variations]"
Add component (AddParameter): Name = "Temperature Coefficient"; Value = "100ppm"; VariantName = "[No Variations]"
Add component (AddParameter): Name = "Tolerance"; Value = "±5%"; VariantName = "[No Variations]"
Add component (AddParameter): Name = "Total Power Dissipation"; Value = "0.1W"; VariantName = "[No Variations]"
Add component (AddParameter): Name = "Type"; Value = "Резистор"; VariantName = "[No Variations]"
Add component (AddParameter): Name = "Value"; Value = "1k"; VariantName = "[No Variations]"
Add component (AddParameter): Name = "Working Temperature Max"; Value = "+155°С"; VariantName = "[No Variations]"
Add component (AddParameter): Name = "Working Temperature Min"; Value = "-55°С"; VariantName = "[No Variations]"
Added Component: Designator=R15(R0603)
Add component (AddParameter): Name = "Application Category"; Value = "1"; VariantName = "[No Variations]"
Add component (AddParameter): Name = "Functional Analog"; Value = "CR0603-JW-102E"; VariantName = "[No Variations]"
Add component (AddParameter): Name = "ID"; Value = "19"; VariantName = "[No Variations]"
Add component (AddParameter): Name = "Limit Voltage"; Value = "50V"; VariantName = "[No Variations]"
Add component (AddParameter): Name = "Manufacturer"; Value = "Yageo"; VariantName = "[No Variations]"
Add component (AddParameter): Name = "Part Number"; Value = "RC0603JR-071KL"; VariantName = "[No Variations]"
Add component (AddParameter): Name = "Published"; Value = "24.03.2010"; VariantName = "[No Variations]"
Add component (AddParameter): Name = "Publisher"; Value = "Andrew Danich"; VariantName = "[No Variations]"
Add component (AddParameter): Name = "Series Type"; Value = "Thick-Film"; VariantName = "[No Variations]"
Add component (AddParameter): Name = "Temperature Coefficient"; Value = "100ppm"; VariantName = "[No Variations]"
Add component (AddParameter): Name = "Tolerance"; Value = "±5%"; VariantName = "[No Variations]"
Add component (AddParameter): Name = "Total Power Dissipation"; Value = "0.1W"; VariantName = "[No Variations]"
Add component (AddParameter): Name = "Type"; Value = "Резистор"; VariantName = "[No Variations]"
Add component (AddParameter): Name = "Value"; Value = "1k"; VariantName = "[No Variations]"
Add component (AddParameter): Name = "Working Temperature Max"; Value = "+155°С"; VariantName = "[No Variations]"
Add component (AddParameter): Name = "Working Temperature Min"; Value = "-55°С"; VariantName = "[No Variations]"
Added Component: Designator=R16(R0603)
Add component (AddParameter): Name = "Application Category"; Value = "1"; VariantName = "[No Variations]"
Add component (AddParameter): Name = "Functional Analog"; Value = "CR0603-JW-102E"; VariantName = "[No Variations]"
Add component (AddParameter): Name = "ID"; Value = "19"; VariantName = "[No Variations]"
Add component (AddParameter): Name = "Limit Voltage"; Value = "50V"; VariantName = "[No Variations]"
Add component (AddParameter): Name = "Manufacturer"; Value = "Yageo"; VariantName = "[No Variations]"
Add component (AddParameter): Name = "Part Number"; Value = "RC0603JR-071KL"; VariantName = "[No Variations]"
Add component (AddParameter): Name = "Published"; Value = "24.03.2010"; VariantName = "[No Variations]"
Add component (AddParameter): Name = "Publisher"; Value = "Andrew Danich"; VariantName = "[No Variations]"
Add component (AddParameter): Name = "Series Type"; Value = "Thick-Film"; VariantName = "[No Variations]"
Add component (AddParameter): Name = "Temperature Coefficient"; Value = "100ppm"; VariantName = "[No Variations]"
Add component (AddParameter): Name = "Tolerance"; Value = "±5%"; VariantName = "[No Variations]"
Add component (AddParameter): Name = "Total Power Dissipation"; Value = "0.1W"; VariantName = "[No Variations]"
Add component (AddParameter): Name = "Type"; Value = "Резистор"; VariantName = "[No Variations]"
Add component (AddParameter): Name = "Value"; Value = "1k"; VariantName = "[No Variations]"
Add component (AddParameter): Name = "Working Temperature Max"; Value = "+155°С"; VariantName = "[No Variations]"
Add component (AddParameter): Name = "Working Temperature Min"; Value = "-55°С"; VariantName = "[No Variations]"
Added Component: Designator=R17(R0603)
Add component (AddParameter): Name = "Application Category"; Value = "1"; VariantName = "[No Variations]"
Add component (AddParameter): Name = "Functional Analog"; Value = "CR0603-JW-102E"; VariantName = "[No Variations]"
Add component (AddParameter): Name = "ID"; Value = "19"; VariantName = "[No Variations]"
Add component (AddParameter): Name = "Limit Voltage"; Value = "50V"; VariantName = "[No Variations]"
Add component (AddParameter): Name = "Manufacturer"; Value = "Yageo"; VariantName = "[No Variations]"
Add component (AddParameter): Name = "Part Number"; Value = "RC0603JR-071KL"; VariantName = "[No Variations]"
Add component (AddParameter): Name = "Published"; Value = "24.03.2010"; VariantName = "[No Variations]"
Add component (AddParameter): Name = "Publisher"; Value = "Andrew Danich"; VariantName = "[No Variations]"
Add component (AddParameter): Name = "Series Type"; Value = "Thick-Film"; VariantName = "[No Variations]"
Add component (AddParameter): Name = "Temperature Coefficient"; Value = "100ppm"; VariantName = "[No Variations]"
Add component (AddParameter): Name = "Tolerance"; Value = "±5%"; VariantName = "[No Variations]"
Add component (AddParameter): Name = "Total Power Dissipation"; Value = "0.1W"; VariantName = "[No Variations]"
Add component (AddParameter): Name = "Type"; Value = "Резистор"; VariantName = "[No Variations]"
Add component (AddParameter): Name = "Value"; Value = "1k"; VariantName = "[No Variations]"
Add component (AddParameter): Name = "Working Temperature Max"; Value = "+155°С"; VariantName = "[No Variations]"
Add component (AddParameter): Name = "Working Temperature Min"; Value = "-55°С"; VariantName = "[No Variations]"
Added Component: Designator=R18(R0603)
Add component (AddParameter): Name = "Application Category"; Value = "1"; VariantName = "[No Variations]"
Add component (AddParameter): Name = "Functional Analog"; Value = "CR0603-JW-102E"; VariantName = "[No Variations]"
Add component (AddParameter): Name = "ID"; Value = "19"; VariantName = "[No Variations]"
Add component (AddParameter): Name = "Limit Voltage"; Value = "50V"; VariantName = "[No Variations]"
Add component (AddParameter): Name = "Manufacturer"; Value = "Yageo"; VariantName = "[No Variations]"
Add component (AddParameter): Name = "Part Number"; Value = "RC0603JR-071KL"; VariantName = "[No Variations]"
Add component (AddParameter): Name = "Published"; Value = "24.03.2010"; VariantName = "[No Variations]"
Add component (AddParameter): Name = "Publisher"; Value = "Andrew Danich"; VariantName = "[No Variations]"
Add component (AddParameter): Name = "Series Type"; Value = "Thick-Film"; VariantName = "[No Variations]"
Add component (AddParameter): Name = "Temperature Coefficient"; Value = "100ppm"; VariantName = "[No Variations]"
Add component (AddParameter): Name = "Tolerance"; Value = "±5%"; VariantName = "[No Variations]"
Add component (AddParameter): Name = "Total Power Dissipation"; Value = "0.1W"; VariantName = "[No Variations]"
Add component (AddParameter): Name = "Type"; Value = "Резистор"; VariantName = "[No Variations]"
Add component (AddParameter): Name = "Value"; Value = "1k"; VariantName = "[No Variations]"
Add component (AddParameter): Name = "Working Temperature Max"; Value = "+155°С"; VariantName = "[No Variations]"
Add component (AddParameter): Name = "Working Temperature Min"; Value = "-55°С"; VariantName = "[No Variations]"
Added Component: Designator=R19(R0603)
Add component (AddParameter): Name = "Application Category"; Value = "1"; VariantName = "[No Variations]"
Add component (AddParameter): Name = "Functional Analog"; Value = "CR0603-JW-102E"; VariantName = "[No Variations]"
Add component (AddParameter): Name = "ID"; Value = "19"; VariantName = "[No Variations]"
Add component (AddParameter): Name = "Limit Voltage"; Value = "50V"; VariantName = "[No Variations]"
Add component (AddParameter): Name = "Manufacturer"; Value = "Yageo"; VariantName = "[No Variations]"
Add component (AddParameter): Name = "Part Number"; Value = "RC0603JR-071KL"; VariantName = "[No Variations]"
Add component (AddParameter): Name = "Published"; Value = "24.03.2010"; VariantName = "[No Variations]"
Add component (AddParameter): Name = "Publisher"; Value = "Andrew Danich"; VariantName = "[No Variations]"
Add component (AddParameter): Name = "Series Type"; Value = "Thick-Film"; VariantName = "[No Variations]"
Add component (AddParameter): Name = "Temperature Coefficient"; Value = "100ppm"; VariantName = "[No Variations]"
Add component (AddParameter): Name = "Tolerance"; Value = "±5%"; VariantName = "[No Variations]"
Add component (AddParameter): Name = "Total Power Dissipation"; Value = "0.1W"; VariantName = "[No Variations]"
Add component (AddParameter): Name = "Type"; Value = "Резистор"; VariantName = "[No Variations]"
Add component (AddParameter): Name = "Value"; Value = "1k"; VariantName = "[No Variations]"
Add component (AddParameter): Name = "Working Temperature Max"; Value = "+155°С"; VariantName = "[No Variations]"
Add component (AddParameter): Name = "Working Temperature Min"; Value = "-55°С"; VariantName = "[No Variations]"
Added Component: Designator=R20(R0603)
Add component (AddParameter): Name = "Application Category"; Value = "1"; VariantName = "[No Variations]"
Add component (AddParameter): Name = "Functional Analog"; Value = "CR0603-JW-102E"; VariantName = "[No Variations]"
Add component (AddParameter): Name = "ID"; Value = "19"; VariantName = "[No Variations]"
Add component (AddParameter): Name = "Limit Voltage"; Value = "50V"; VariantName = "[No Variations]"
Add component (AddParameter): Name = "Manufacturer"; Value = "Yageo"; VariantName = "[No Variations]"
Add component (AddParameter): Name = "Part Number"; Value = "RC0603JR-071KL"; VariantName = "[No Variations]"
Add component (AddParameter): Name = "Published"; Value = "24.03.2010"; VariantName = "[No Variations]"
Add component (AddParameter): Name = "Publisher"; Value = "Andrew Danich"; VariantName = "[No Variations]"
Add component (AddParameter): Name = "Series Type"; Value = "Thick-Film"; VariantName = "[No Variations]"
Add component (AddParameter): Name = "Temperature Coefficient"; Value = "100ppm"; VariantName = "[No Variations]"
Add component (AddParameter): Name = "Tolerance"; Value = "±5%"; VariantName = "[No Variations]"
Add component (AddParameter): Name = "Total Power Dissipation"; Value = "0.1W"; VariantName = "[No Variations]"
Add component (AddParameter): Name = "Type"; Value = "Резистор"; VariantName = "[No Variations]"
Add component (AddParameter): Name = "Value"; Value = "1k"; VariantName = "[No Variations]"
Add component (AddParameter): Name = "Working Temperature Max"; Value = "+155°С"; VariantName = "[No Variations]"
Add component (AddParameter): Name = "Working Temperature Min"; Value = "-55°С"; VariantName = "[No Variations]"
Added Component: Designator=R21(R0603)
Add component (AddParameter): Name = "Application Category"; Value = "1"; VariantName = "[No Variations]"
Add component (AddParameter): Name = "ID"; Value = "348"; VariantName = "[No Variations]"
Add component (AddParameter): Name = "Limit Voltage"; Value = "50V"; VariantName = "[No Variations]"
Add component (AddParameter): Name = "Manufacturer"; Value = "Yageo"; VariantName = "[No Variations]"
Add component (AddParameter): Name = "Part Number"; Value = "RC0603FR-07200KL"; VariantName = "[No Variations]"
Add component (AddParameter): Name = "Published"; Value = "24.03.2010"; VariantName = "[No Variations]"
Add component (AddParameter): Name = "Publisher"; Value = "Andrew Danich"; VariantName = "[No Variations]"
Add component (AddParameter): Name = "Series Type"; Value = "Thick-Film"; VariantName = "[No Variations]"
Add component (AddParameter): Name = "Temperature Coefficient"; Value = "100ppm"; VariantName = "[No Variations]"
Add component (AddParameter): Name = "Tolerance"; Value = "±1%"; VariantName = "[No Variations]"
Add component (AddParameter): Name = "Total Power Dissipation"; Value = "0.1W"; VariantName = "[No Variations]"
Add component (AddParameter): Name = "Type"; Value = "Резистор"; VariantName = "[No Variations]"
Add component (AddParameter): Name = "Value"; Value = "200k"; VariantName = "[No Variations]"
Add component (AddParameter): Name = "Working Temperature Max"; Value = "+155°С"; VariantName = "[No Variations]"
Add component (AddParameter): Name = "Working Temperature Min"; Value = "-55°С"; VariantName = "[No Variations]"
Added Component: Designator=R22(R0805)
Add component (AddParameter): Name = "Application Category"; Value = "1"; VariantName = "[No Variations]"
Add component (AddParameter): Name = "ID"; Value = "158"; VariantName = "[No Variations]"
Add component (AddParameter): Name = "Limit Voltage"; Value = "150V"; VariantName = "[No Variations]"
Add component (AddParameter): Name = "Manufacturer"; Value = "Yageo"; VariantName = "[No Variations]"
Add component (AddParameter): Name = "Part Number"; Value = "RC0805JR-0768RL"; VariantName = "[No Variations]"
Add component (AddParameter): Name = "Published"; Value = "24.03.2010"; VariantName = "[No Variations]"
Add component (AddParameter): Name = "Publisher"; Value = "Andrew Danich"; VariantName = "[No Variations]"
Add component (AddParameter): Name = "Series Type"; Value = "Thick-Film"; VariantName = "[No Variations]"
Add component (AddParameter): Name = "Temperature Coefficient"; Value = "100ppm"; VariantName = "[No Variations]"
Add component (AddParameter): Name = "Tolerance"; Value = "±5%"; VariantName = "[No Variations]"
Add component (AddParameter): Name = "Total Power Dissipation"; Value = "0.125W"; VariantName = "[No Variations]"
Add component (AddParameter): Name = "Type"; Value = "Резистор"; VariantName = "[No Variations]"
Add component (AddParameter): Name = "Value"; Value = "68"; VariantName = "[No Variations]"
Add component (AddParameter): Name = "Working Temperature Max"; Value = "+155°С"; VariantName = "[No Variations]"
Add component (AddParameter): Name = "Working Temperature Min"; Value = "-55°С"; VariantName = "[No Variations]"
Added Component: Designator=SB1(DTS-32)
Add component (AddParameter): Name = "Application Category"; Value = "1"; VariantName = "[No Variations]"
Add component (AddParameter): Name = "Backlight"; Value = "NO"; VariantName = "[No Variations]"
Add component (AddParameter): Name = "Height"; Value = "5mm"; VariantName = "[No Variations]"
Add component (AddParameter): Name = "ID"; Value = "26"; VariantName = "[No Variations]"
Add component (AddParameter): Name = "Isolator Resistance"; Value = "100meg"; VariantName = "[No Variations]"
Add component (AddParameter): Name = "Limit Current"; Value = "50mA"; VariantName = "[No Variations]"
Add component (AddParameter): Name = "Limit Voltage"; Value = "250V"; VariantName = "[No Variations]"
Add component (AddParameter): Name = "Number of Contacts"; Value = "2"; VariantName = "[No Variations]"
Add component (AddParameter): Name = "Part Number"; Value = "DTS-32"; VariantName = "[No Variations]"
Add component (AddParameter): Name = "Published"; Value = "17.04.2014"; VariantName = "[No Variations]"
Add component (AddParameter): Name = "Publisher"; Value = "Andrew Danich"; VariantName = "[No Variations]"
Add component (AddParameter): Name = "Resistance"; Value = "0.1ohm"; VariantName = "[No Variations]"
Add component (AddParameter): Name = "Type"; Value = "Переключатель"; VariantName = "[No Variations]"
Add component (AddParameter): Name = "Value"; Value = "DTS-32"; VariantName = "[No Variations]"
Added Component: Designator=VD1(SOT-23)
Add component (AddParameter): Name = "Application Category"; Value = "1"; VariantName = "[No Variations]"
Add component (AddParameter): Name = "Capacitance"; Value = "450pF"; VariantName = "[No Variations]"
Add component (AddParameter): Name = "Differential resistance"; Value = "95ohm"; VariantName = "[No Variations]"
Add component (AddParameter): Name = "Forward Current"; Value = "200mA"; VariantName = "[No Variations]"
Add component (AddParameter): Name = "Forward Voltage"; Value = "0.9V"; VariantName = "[No Variations]"
Add component (AddParameter): Name = "ID"; Value = "10"; VariantName = "[No Variations]"
Add component (AddParameter): Name = "Manufacturer"; Value = "NXP"; VariantName = "[No Variations]"
Add component (AddParameter): Name = "Part Number"; Value = "BZX84-C3V3"; VariantName = "[No Variations]"
Add component (AddParameter): Name = "Published"; Value = "20.05.2013"; VariantName = "[No Variations]"
Add component (AddParameter): Name = "Publisher"; Value = "Andrew Danich"; VariantName = "[No Variations]"
Add component (AddParameter): Name = "Reverse Current"; Value = "5uA"; VariantName = "[No Variations]"
Add component (AddParameter): Name = "Total Power Dissipation"; Value = "250mW"; VariantName = "[No Variations]"
Add component (AddParameter): Name = "Type"; Value = "Стабилитрон"; VariantName = "[No Variations]"
Add component (AddParameter): Name = "Value"; Value = "BZX84-C3V3"; VariantName = "[No Variations]"
Add component (AddParameter): Name = "Working Temperature Max"; Value = "+150°С"; VariantName = "[No Variations]"
Add component (AddParameter): Name = "Working Temperature Min"; Value = "-65°С"; VariantName = "[No Variations]"
Add component (AddParameter): Name = "Working Voltage"; Value = "3.3V"; VariantName = "[No Variations]"
Added Component: Designator=VD2(SOT-23)
Add component (AddParameter): Name = "Application Category"; Value = "1"; VariantName = "[No Variations]"
Add component (AddParameter): Name = "Capacitance"; Value = "450pF"; VariantName = "[No Variations]"
Add component (AddParameter): Name = "Differential resistance"; Value = "95ohm"; VariantName = "[No Variations]"
Add component (AddParameter): Name = "Forward Current"; Value = "200mA"; VariantName = "[No Variations]"
Add component (AddParameter): Name = "Forward Voltage"; Value = "0.9V"; VariantName = "[No Variations]"
Add component (AddParameter): Name = "ID"; Value = "10"; VariantName = "[No Variations]"
Add component (AddParameter): Name = "Manufacturer"; Value = "NXP"; VariantName = "[No Variations]"
Add component (AddParameter): Name = "Part Number"; Value = "BZX84-C3V3"; VariantName = "[No Variations]"
Add component (AddParameter): Name = "Published"; Value = "20.05.2013"; VariantName = "[No Variations]"
Add component (AddParameter): Name = "Publisher"; Value = "Andrew Danich"; VariantName = "[No Variations]"
Add component (AddParameter): Name = "Reverse Current"; Value = "5uA"; VariantName = "[No Variations]"
Add component (AddParameter): Name = "Total Power Dissipation"; Value = "250mW"; VariantName = "[No Variations]"
Add component (AddParameter): Name = "Type"; Value = "Стабилитрон"; VariantName = "[No Variations]"
Add component (AddParameter): Name = "Value"; Value = "BZX84-C3V3"; VariantName = "[No Variations]"
Add component (AddParameter): Name = "Working Temperature Max"; Value = "+150°С"; VariantName = "[No Variations]"
Add component (AddParameter): Name = "Working Temperature Min"; Value = "-65°С"; VariantName = "[No Variations]"
Add component (AddParameter): Name = "Working Voltage"; Value = "3.3V"; VariantName = "[No Variations]"
Added Component: Designator=VD3(SOT-23)
Add component (AddParameter): Name = "Application Category"; Value = "1"; VariantName = "[No Variations]"
Add component (AddParameter): Name = "Capacitance"; Value = "450pF"; VariantName = "[No Variations]"
Add component (AddParameter): Name = "Differential resistance"; Value = "95ohm"; VariantName = "[No Variations]"
Add component (AddParameter): Name = "Forward Current"; Value = "200mA"; VariantName = "[No Variations]"
Add component (AddParameter): Name = "Forward Voltage"; Value = "0.9V"; VariantName = "[No Variations]"
Add component (AddParameter): Name = "ID"; Value = "10"; VariantName = "[No Variations]"
Add component (AddParameter): Name = "Manufacturer"; Value = "NXP"; VariantName = "[No Variations]"
Add component (AddParameter): Name = "Part Number"; Value = "BZX84-C3V3"; VariantName = "[No Variations]"
Add component (AddParameter): Name = "Published"; Value = "20.05.2013"; VariantName = "[No Variations]"
Add component (AddParameter): Name = "Publisher"; Value = "Andrew Danich"; VariantName = "[No Variations]"
Add component (AddParameter): Name = "Reverse Current"; Value = "5uA"; VariantName = "[No Variations]"
Add component (AddParameter): Name = "Total Power Dissipation"; Value = "250mW"; VariantName = "[No Variations]"
Add component (AddParameter): Name = "Type"; Value = "Стабилитрон"; VariantName = "[No Variations]"
Add component (AddParameter): Name = "Value"; Value = "BZX84-C3V3"; VariantName = "[No Variations]"
Add component (AddParameter): Name = "Working Temperature Max"; Value = "+150°С"; VariantName = "[No Variations]"
Add component (AddParameter): Name = "Working Temperature Min"; Value = "-65°С"; VariantName = "[No Variations]"
Add component (AddParameter): Name = "Working Voltage"; Value = "3.3V"; VariantName = "[No Variations]"
Added Component: Designator=VD4(SOT-23)
Add component (AddParameter): Name = "Application Category"; Value = "1"; VariantName = "[No Variations]"
Add component (AddParameter): Name = "Capacitance"; Value = "450pF"; VariantName = "[No Variations]"
Add component (AddParameter): Name = "Differential resistance"; Value = "95ohm"; VariantName = "[No Variations]"
Add component (AddParameter): Name = "Forward Current"; Value = "200mA"; VariantName = "[No Variations]"
Add component (AddParameter): Name = "Forward Voltage"; Value = "0.9V"; VariantName = "[No Variations]"
Add component (AddParameter): Name = "ID"; Value = "10"; VariantName = "[No Variations]"
Add component (AddParameter): Name = "Manufacturer"; Value = "NXP"; VariantName = "[No Variations]"
Add component (AddParameter): Name = "Part Number"; Value = "BZX84-C3V3"; VariantName = "[No Variations]"
Add component (AddParameter): Name = "Published"; Value = "20.05.2013"; VariantName = "[No Variations]"
Add component (AddParameter): Name = "Publisher"; Value = "Andrew Danich"; VariantName = "[No Variations]"
Add component (AddParameter): Name = "Reverse Current"; Value = "5uA"; VariantName = "[No Variations]"
Add component (AddParameter): Name = "Total Power Dissipation"; Value = "250mW"; VariantName = "[No Variations]"
Add component (AddParameter): Name = "Type"; Value = "Стабилитрон"; VariantName = "[No Variations]"
Add component (AddParameter): Name = "Value"; Value = "BZX84-C3V3"; VariantName = "[No Variations]"
Add component (AddParameter): Name = "Working Temperature Max"; Value = "+150°С"; VariantName = "[No Variations]"
Add component (AddParameter): Name = "Working Temperature Min"; Value = "-65°С"; VariantName = "[No Variations]"
Add component (AddParameter): Name = "Working Voltage"; Value = "3.3V"; VariantName = "[No Variations]"
Added Component: Designator=VT1(SOT-23)
Add component (AddParameter): Name = "C-E Saturation Voltage"; Value = "0.6V"; VariantName = "[No Variations]"
Add component (AddParameter): Name = "C-E Voltage"; Value = "45V"; VariantName = "[No Variations]"
Add component (AddParameter): Name = "Collector Current"; Value = "100mA"; VariantName = "[No Variations]"
Add component (AddParameter): Name = "DC Current Gain"; Value = "125…800"; VariantName = "[No Variations]"
Add component (AddParameter): Name = "ID"; Value = "2"; VariantName = "[No Variations]"
Add component (AddParameter): Name = "Part Number"; Value = "BC857"; VariantName = "[No Variations]"
Add component (AddParameter): Name = "Published"; Value = "07.05.2013"; VariantName = "[No Variations]"
Add component (AddParameter): Name = "Publisher"; Value = "Andrew Danich"; VariantName = "[No Variations]"
Add component (AddParameter): Name = "Total Power Dissipation"; Value = "250mW"; VariantName = "[No Variations]"
Add component (AddParameter): Name = "Transition Frequency"; Value = "100MHz"; VariantName = "[No Variations]"
Add component (AddParameter): Name = "Type"; Value = "Транзистор"; VariantName = "[No Variations]"
Add component (AddParameter): Name = "Value"; Value = "BC857"; VariantName = "[No Variations]"
Added Component: Designator=VT2(SOT-23)
Add component (AddParameter): Name = "C-E Saturation Voltage"; Value = "0.6V"; VariantName = "[No Variations]"
Add component (AddParameter): Name = "C-E Voltage"; Value = "45V"; VariantName = "[No Variations]"
Add component (AddParameter): Name = "Collector Current"; Value = "100mA"; VariantName = "[No Variations]"
Add component (AddParameter): Name = "DC Current Gain"; Value = "125…800"; VariantName = "[No Variations]"
Add component (AddParameter): Name = "ID"; Value = "2"; VariantName = "[No Variations]"
Add component (AddParameter): Name = "Part Number"; Value = "BC857"; VariantName = "[No Variations]"
Add component (AddParameter): Name = "Published"; Value = "07.05.2013"; VariantName = "[No Variations]"
Add component (AddParameter): Name = "Publisher"; Value = "Andrew Danich"; VariantName = "[No Variations]"
Add component (AddParameter): Name = "Total Power Dissipation"; Value = "250mW"; VariantName = "[No Variations]"
Add component (AddParameter): Name = "Transition Frequency"; Value = "100MHz"; VariantName = "[No Variations]"
Add component (AddParameter): Name = "Type"; Value = "Транзистор"; VariantName = "[No Variations]"
Add component (AddParameter): Name = "Value"; Value = "BC857"; VariantName = "[No Variations]"
Added Component: Designator=VT3(SOT-23)
Add component (AddParameter): Name = "C-E Saturation Voltage"; Value = "0.6V"; VariantName = "[No Variations]"
Add component (AddParameter): Name = "C-E Voltage"; Value = "45V"; VariantName = "[No Variations]"
Add component (AddParameter): Name = "Collector Current"; Value = "100mA"; VariantName = "[No Variations]"
Add component (AddParameter): Name = "DC Current Gain"; Value = "125…800"; VariantName = "[No Variations]"
Add component (AddParameter): Name = "ID"; Value = "2"; VariantName = "[No Variations]"
Add component (AddParameter): Name = "Part Number"; Value = "BC857"; VariantName = "[No Variations]"
Add component (AddParameter): Name = "Published"; Value = "07.05.2013"; VariantName = "[No Variations]"
Add component (AddParameter): Name = "Publisher"; Value = "Andrew Danich"; VariantName = "[No Variations]"
Add component (AddParameter): Name = "Total Power Dissipation"; Value = "250mW"; VariantName = "[No Variations]"
Add component (AddParameter): Name = "Transition Frequency"; Value = "100MHz"; VariantName = "[No Variations]"
Add component (AddParameter): Name = "Type"; Value = "Транзистор"; VariantName = "[No Variations]"
Add component (AddParameter): Name = "Value"; Value = "BC857"; VariantName = "[No Variations]"
Added Component: Designator=VT4(SOT-23)
Add component (AddParameter): Name = "C-E Saturation Voltage"; Value = "0.6V"; VariantName = "[No Variations]"
Add component (AddParameter): Name = "C-E Voltage"; Value = "45V"; VariantName = "[No Variations]"
Add component (AddParameter): Name = "Collector Current"; Value = "100mA"; VariantName = "[No Variations]"
Add component (AddParameter): Name = "DC Current Gain"; Value = "125…800"; VariantName = "[No Variations]"
Add component (AddParameter): Name = "ID"; Value = "2"; VariantName = "[No Variations]"
Add component (AddParameter): Name = "Part Number"; Value = "BC857"; VariantName = "[No Variations]"
Add component (AddParameter): Name = "Published"; Value = "07.05.2013"; VariantName = "[No Variations]"
Add component (AddParameter): Name = "Publisher"; Value = "Andrew Danich"; VariantName = "[No Variations]"
Add component (AddParameter): Name = "Total Power Dissipation"; Value = "250mW"; VariantName = "[No Variations]"
Add component (AddParameter): Name = "Transition Frequency"; Value = "100MHz"; VariantName = "[No Variations]"
Add component (AddParameter): Name = "Type"; Value = "Транзистор"; VariantName = "[No Variations]"
Add component (AddParameter): Name = "Value"; Value = "BC857"; VariantName = "[No Variations]"
Added Component: Designator=XP1(PLS-2)
Add component (AddParameter): Name = "Connector Type"; Value = "Male"; VariantName = "[No Variations]"
Add component (AddParameter): Name = "ID"; Value = "1"; VariantName = "[No Variations]"
Add component (AddParameter): Name = "Limit Current"; Value = "3A"; VariantName = "[No Variations]"
Add component (AddParameter): Name = "Limit Voltage"; Value = "250V"; VariantName = "[No Variations]"
Add component (AddParameter): Name = "Part Number"; Value = "PLS-2"; VariantName = "[No Variations]"
Add component (AddParameter): Name = "Pins"; Value = "2"; VariantName = "[No Variations]"
Add component (AddParameter): Name = "Pitch"; Value = "2.54mm"; VariantName = "[No Variations]"
Add component (AddParameter): Name = "Published"; Value = "07.03.2013"; VariantName = "[No Variations]"
Add component (AddParameter): Name = "Publisher"; Value = "Andrew Danich"; VariantName = "[No Variations]"
Add component (AddParameter): Name = "Resistance"; Value = "15momh"; VariantName = "[No Variations]"
Add component (AddParameter): Name = "Specification"; Value = ""; VariantName = "[No Variations]"
Add component (AddParameter): Name = "Surface Finish"; Value = "Gold"; VariantName = "[No Variations]"
Add component (AddParameter): Name = "Type"; Value = "Вилка"; VariantName = "[No Variations]"
Add component (AddParameter): Name = "Value"; Value = "PLS-2"; VariantName = "[No Variations]"
Added Component: Designator=XP2(PLS-2)
Add component (AddParameter): Name = "Connector Type"; Value = "Male"; VariantName = "[No Variations]"
Add component (AddParameter): Name = "ID"; Value = "1"; VariantName = "[No Variations]"
Add component (AddParameter): Name = "Limit Current"; Value = "3A"; VariantName = "[No Variations]"
Add component (AddParameter): Name = "Limit Voltage"; Value = "250V"; VariantName = "[No Variations]"
Add component (AddParameter): Name = "Part Number"; Value = "PLS-2"; VariantName = "[No Variations]"
Add component (AddParameter): Name = "Pins"; Value = "2"; VariantName = "[No Variations]"
Add component (AddParameter): Name = "Pitch"; Value = "2.54mm"; VariantName = "[No Variations]"
Add component (AddParameter): Name = "Published"; Value = "07.03.2013"; VariantName = "[No Variations]"
Add component (AddParameter): Name = "Publisher"; Value = "Andrew Danich"; VariantName = "[No Variations]"
Add component (AddParameter): Name = "Resistance"; Value = "15momh"; VariantName = "[No Variations]"
Add component (AddParameter): Name = "Specification"; Value = ""; VariantName = "[No Variations]"
Add component (AddParameter): Name = "Surface Finish"; Value = "Gold"; VariantName = "[No Variations]"
Add component (AddParameter): Name = "Type"; Value = "Вилка"; VariantName = "[No Variations]"
Add component (AddParameter): Name = "Value"; Value = "PLS-2"; VariantName = "[No Variations]"
Added Component: Designator=XP3(PLS-2)
Add component (AddParameter): Name = "Connector Type"; Value = "Male"; VariantName = "[No Variations]"
Add component (AddParameter): Name = "ID"; Value = "1"; VariantName = "[No Variations]"
Add component (AddParameter): Name = "Limit Current"; Value = "3A"; VariantName = "[No Variations]"
Add component (AddParameter): Name = "Limit Voltage"; Value = "250V"; VariantName = "[No Variations]"
Add component (AddParameter): Name = "Part Number"; Value = "PLS-2"; VariantName = "[No Variations]"
Add component (AddParameter): Name = "Pins"; Value = "2"; VariantName = "[No Variations]"
Add component (AddParameter): Name = "Pitch"; Value = "2.54mm"; VariantName = "[No Variations]"
Add component (AddParameter): Name = "Published"; Value = "07.03.2013"; VariantName = "[No Variations]"
Add component (AddParameter): Name = "Publisher"; Value = "Andrew Danich"; VariantName = "[No Variations]"
Add component (AddParameter): Name = "Resistance"; Value = "15momh"; VariantName = "[No Variations]"
Add component (AddParameter): Name = "Specification"; Value = ""; VariantName = "[No Variations]"
Add component (AddParameter): Name = "Surface Finish"; Value = "Gold"; VariantName = "[No Variations]"
Add component (AddParameter): Name = "Type"; Value = "Вилка"; VariantName = "[No Variations]"
Add component (AddParameter): Name = "Value"; Value = "PLS-2"; VariantName = "[No Variations]"
Added Component: Designator=XP4(PLS-2)
Add component (AddParameter): Name = "Connector Type"; Value = "Male"; VariantName = "[No Variations]"
Add component (AddParameter): Name = "ID"; Value = "1"; VariantName = "[No Variations]"
Add component (AddParameter): Name = "Limit Current"; Value = "3A"; VariantName = "[No Variations]"
Add component (AddParameter): Name = "Limit Voltage"; Value = "250V"; VariantName = "[No Variations]"
Add component (AddParameter): Name = "Part Number"; Value = "PLS-2"; VariantName = "[No Variations]"
Add component (AddParameter): Name = "Pins"; Value = "2"; VariantName = "[No Variations]"
Add component (AddParameter): Name = "Pitch"; Value = "2.54mm"; VariantName = "[No Variations]"
Add component (AddParameter): Name = "Published"; Value = "07.03.2013"; VariantName = "[No Variations]"
Add component (AddParameter): Name = "Publisher"; Value = "Andrew Danich"; VariantName = "[No Variations]"
Add component (AddParameter): Name = "Resistance"; Value = "15momh"; VariantName = "[No Variations]"
Add component (AddParameter): Name = "Specification"; Value = ""; VariantName = "[No Variations]"
Add component (AddParameter): Name = "Surface Finish"; Value = "Gold"; VariantName = "[No Variations]"
Add component (AddParameter): Name = "Type"; Value = "Вилка"; VariantName = "[No Variations]"
Add component (AddParameter): Name = "Value"; Value = "PLS-2"; VariantName = "[No Variations]"
Added Component: Designator=XP5(PLS-4RR)
Add component (AddParameter): Name = "Connector Type"; Value = "Male"; VariantName = "[No Variations]"
Add component (AddParameter): Name = "ID"; Value = "31"; VariantName = "[No Variations]"
Add component (AddParameter): Name = "Limit Current"; Value = "3A"; VariantName = "[No Variations]"
Add component (AddParameter): Name = "Limit Voltage"; Value = "250V"; VariantName = "[No Variations]"
Add component (AddParameter): Name = "Part Number"; Value = "PLS-4R"; VariantName = "[No Variations]"
Add component (AddParameter): Name = "Pins"; Value = "4"; VariantName = "[No Variations]"
Add component (AddParameter): Name = "Pitch"; Value = "2.54mm"; VariantName = "[No Variations]"
Add component (AddParameter): Name = "Published"; Value = "07.03.2013"; VariantName = "[No Variations]"
Add component (AddParameter): Name = "Publisher"; Value = "Andrew Danich"; VariantName = "[No Variations]"
Add component (AddParameter): Name = "Resistance"; Value = "15momh"; VariantName = "[No Variations]"
Add component (AddParameter): Name = "Specification"; Value = ""; VariantName = "[No Variations]"
Add component (AddParameter): Name = "Surface Finish"; Value = "Gold"; VariantName = "[No Variations]"
Add component (AddParameter): Name = "Type"; Value = "Вилка"; VariantName = "[No Variations]"
Add component (AddParameter): Name = "Value"; Value = "PLS-4R"; VariantName = "[No Variations]"
Added Component: Designator=XP6(PLS-3)
Add component (AddParameter): Name = "Connector Type"; Value = "Male"; VariantName = "[No Variations]"
Add component (AddParameter): Name = "ID"; Value = "2"; VariantName = "[No Variations]"
Add component (AddParameter): Name = "Limit Current"; Value = "3A"; VariantName = "[No Variations]"
Add component (AddParameter): Name = "Limit Voltage"; Value = "250V"; VariantName = "[No Variations]"
Add component (AddParameter): Name = "Part Number"; Value = "PLS-3"; VariantName = "[No Variations]"
Add component (AddParameter): Name = "Pins"; Value = "3"; VariantName = "[No Variations]"
Add component (AddParameter): Name = "Pitch"; Value = "2.54mm"; VariantName = "[No Variations]"
Add component (AddParameter): Name = "Published"; Value = "07.03.2013"; VariantName = "[No Variations]"
Add component (AddParameter): Name = "Publisher"; Value = "Andrew Danich"; VariantName = "[No Variations]"
Add component (AddParameter): Name = "Resistance"; Value = "15momh"; VariantName = "[No Variations]"
Add component (AddParameter): Name = "Surface Finish"; Value = "Gold"; VariantName = "[No Variations]"
Add component (AddParameter): Name = "Type"; Value = "Вилка"; VariantName = "[No Variations]"
Add component (AddParameter): Name = "Value"; Value = "PLS-3"; VariantName = "[No Variations]"
Added Component: Designator=XP7(PLS-4)
Add component (AddParameter): Name = "Connector Type"; Value = "Male"; VariantName = "[No Variations]"
Add component (AddParameter): Name = "ID"; Value = "3"; VariantName = "[No Variations]"
Add component (AddParameter): Name = "Limit Current"; Value = "3A"; VariantName = "[No Variations]"
Add component (AddParameter): Name = "Limit Voltage"; Value = "250V"; VariantName = "[No Variations]"
Add component (AddParameter): Name = "Part Number"; Value = "PLS-4"; VariantName = "[No Variations]"
Add component (AddParameter): Name = "Pins"; Value = "4"; VariantName = "[No Variations]"
Add component (AddParameter): Name = "Pitch"; Value = "2.54mm"; VariantName = "[No Variations]"
Add component (AddParameter): Name = "Published"; Value = "07.03.2013"; VariantName = "[No Variations]"
Add component (AddParameter): Name = "Publisher"; Value = "Andrew Danich"; VariantName = "[No Variations]"
Add component (AddParameter): Name = "Resistance"; Value = "15momh"; VariantName = "[No Variations]"
Add component (AddParameter): Name = "Specification"; Value = ""; VariantName = "[No Variations]"
Add component (AddParameter): Name = "Surface Finish"; Value = "Gold"; VariantName = "[No Variations]"
Add component (AddParameter): Name = "Type"; Value = "Вилка"; VariantName = "[No Variations]"
Add component (AddParameter): Name = "Value"; Value = "PLS-4"; VariantName = "[No Variations]"
Added Component: Designator=XP8(PLS-3)
Add component (AddParameter): Name = "Connector Type"; Value = "Male"; VariantName = "[No Variations]"
Add component (AddParameter): Name = "ID"; Value = "2"; VariantName = "[No Variations]"
Add component (AddParameter): Name = "Limit Current"; Value = "3A"; VariantName = "[No Variations]"
Add component (AddParameter): Name = "Limit Voltage"; Value = "250V"; VariantName = "[No Variations]"
Add component (AddParameter): Name = "Part Number"; Value = "PLS-3"; VariantName = "[No Variations]"
Add component (AddParameter): Name = "Pins"; Value = "3"; VariantName = "[No Variations]"
Add component (AddParameter): Name = "Pitch"; Value = "2.54mm"; VariantName = "[No Variations]"
Add component (AddParameter): Name = "Published"; Value = "07.03.2013"; VariantName = "[No Variations]"
Add component (AddParameter): Name = "Publisher"; Value = "Andrew Danich"; VariantName = "[No Variations]"
Add component (AddParameter): Name = "Resistance"; Value = "15momh"; VariantName = "[No Variations]"
Add component (AddParameter): Name = "Surface Finish"; Value = "Gold"; VariantName = "[No Variations]"
Add component (AddParameter): Name = "Type"; Value = "Вилка"; VariantName = "[No Variations]"
Add component (AddParameter): Name = "Value"; Value = "PLS-3"; VariantName = "[No Variations]"
Added Component: Designator=XP9(PLS-2RR)
Add component (AddParameter): Name = "Connector Type"; Value = "Male"; VariantName = "[No Variations]"
Add component (AddParameter): Name = "ID"; Value = "29"; VariantName = "[No Variations]"
Add component (AddParameter): Name = "Limit Current"; Value = "3A"; VariantName = "[No Variations]"
Add component (AddParameter): Name = "Limit Voltage"; Value = "250V"; VariantName = "[No Variations]"
Add component (AddParameter): Name = "Part Number"; Value = "PLS-2R"; VariantName = "[No Variations]"
Add component (AddParameter): Name = "Pins"; Value = "2"; VariantName = "[No Variations]"
Add component (AddParameter): Name = "Pitch"; Value = "2.54mm"; VariantName = "[No Variations]"
Add component (AddParameter): Name = "Published"; Value = "07.03.2013"; VariantName = "[No Variations]"
Add component (AddParameter): Name = "Publisher"; Value = "Andrew Danich"; VariantName = "[No Variations]"
Add component (AddParameter): Name = "Resistance"; Value = "15momh"; VariantName = "[No Variations]"
Add component (AddParameter): Name = "Specification"; Value = ""; VariantName = "[No Variations]"
Add component (AddParameter): Name = "Surface Finish"; Value = "Gold"; VariantName = "[No Variations]"
Add component (AddParameter): Name = "Type"; Value = "Вилка"; VariantName = "[No Variations]"
Add component (AddParameter): Name = "Value"; Value = "PLS-2R"; VariantName = "[No Variations]"
Added Component: Designator=ZQ1(HC-49S)
Add component (AddParameter): Name = "ID"; Value = "4"; VariantName = "[No Variations]"
Add component (AddParameter): Name = "Load Capacitance"; Value = "22pF"; VariantName = "[No Variations]"
Add component (AddParameter): Name = "Output Frequency"; Value = "8MHz"; VariantName = "[No Variations]"
Add component (AddParameter): Name = "Part Number"; Value = "HC-49S 8MHz"; VariantName = "[No Variations]"
Add component (AddParameter): Name = "Published"; Value = "08.03.2013"; VariantName = "[No Variations]"
Add component (AddParameter): Name = "Publisher"; Value = "Andrew Danich"; VariantName = "[No Variations]"
Add component (AddParameter): Name = "Type"; Value = "Резонатор"; VariantName = "[No Variations]"
Add component (AddParameter): Name = "Value"; Value = "HC-49S 8MHz"; VariantName = "[No Variations]"
Added Pin To Net: NetName=+7.4 Pin=C4-1
Added Pin To Net: NetName=+7.4 Pin=C5-1
Added Pin To Net: NetName=+7.4 Pin=DA1-3
Added Pin To Net: NetName=+7.4 Pin=R5-1
Added Pin To Net: NetName=+7.4 Pin=R7-1
Added Pin To Net: NetName=+7.4 Pin=R10-1
Added Pin To Net: NetName=+7.4 Pin=R12-1
Added Pin To Net: NetName=+7.4 Pin=VT1-3
Added Pin To Net: NetName=+7.4 Pin=VT2-3
Added Pin To Net: NetName=+7.4 Pin=VT3-3
Added Pin To Net: NetName=+7.4 Pin=VT4-3
Added Pin To Net: NetName=+7.4 Pin=XP1-2
Added Pin To Net: NetName=+7.4 Pin=XP3-2
Added Pin To Net: NetName=+7.4 Pin=XP7-2
Added Net: Name=+7.4
Added Pin To Net: NetName=GND Pin=C1-1
Added Pin To Net: NetName=GND Pin=C2-1
Added Pin To Net: NetName=GND Pin=C3-2
Added Pin To Net: NetName=GND Pin=C4-2
Added Pin To Net: NetName=GND Pin=C5-2
Added Pin To Net: NetName=GND Pin=C6-2
Added Pin To Net: NetName=GND Pin=C7-2
Added Pin To Net: NetName=GND Pin=DA1-1
Added Pin To Net: NetName=GND Pin=DD1-8
Added Pin To Net: NetName=GND Pin=DD1-23
Added Pin To Net: NetName=GND Pin=DD1-35
Added Pin To Net: NetName=GND Pin=DD1-44
Added Pin To Net: NetName=GND Pin=DD1-47
Added Pin To Net: NetName=GND Pin=R1-2
Added Pin To Net: NetName=GND Pin=R2-2
Added Pin To Net: NetName=GND Pin=R3-1
Added Pin To Net: NetName=GND Pin=R8-1
Added Pin To Net: NetName=GND Pin=R22-1
Added Pin To Net: NetName=GND Pin=SB1-2
Added Pin To Net: NetName=GND Pin=VD1-1
Added Pin To Net: NetName=GND Pin=VD2-1
Added Pin To Net: NetName=GND Pin=VD3-1
Added Pin To Net: NetName=GND Pin=VD4-1
Added Pin To Net: NetName=GND Pin=XP2-2
Added Pin To Net: NetName=GND Pin=XP4-2
Added Pin To Net: NetName=GND Pin=XP5-4
Added Pin To Net: NetName=GND Pin=XP7-3
Added Net: Name=GND
Added Pin To Net: NetName=NetC1_2 Pin=C1-2
Added Pin To Net: NetName=NetC1_2 Pin=DD1-5
Added Pin To Net: NetName=NetC1_2 Pin=ZQ1-3
Added Net: Name=NetC1_2
Added Pin To Net: NetName=NetC2_2 Pin=C2-2
Added Pin To Net: NetName=NetC2_2 Pin=R21-1
Added Pin To Net: NetName=NetC2_2 Pin=ZQ1-1
Added Net: Name=NetC2_2
Added Pin To Net: NetName=NetC3_1 Pin=C3-1
Added Pin To Net: NetName=NetC3_1 Pin=DD1-7
Added Pin To Net: NetName=NetC3_1 Pin=SB1-1
Added Net: Name=NetC3_1
Added Pin To Net: NetName=NetDD1_6 Pin=DD1-6
Added Pin To Net: NetName=NetDD1_6 Pin=R21-2
Added Net: Name=NetDD1_6
Added Pin To Net: NetName=NetDD1_10 Pin=DD1-10
Added Pin To Net: NetName=NetDD1_10 Pin=DD1-11
Added Pin To Net: NetName=NetDD1_10 Pin=R17-1
Added Net: Name=NetDD1_10
Added Pin To Net: NetName=NetDD1_12 Pin=DD1-12
Added Pin To Net: NetName=NetDD1_12 Pin=DD1-13
Added Pin To Net: NetName=NetDD1_12 Pin=R18-1
Added Net: Name=NetDD1_12
Added Pin To Net: NetName=NetDD1_20 Pin=DD1-20
Added Pin To Net: NetName=NetDD1_20 Pin=XP8-2
Added Net: Name=NetDD1_20
Added Pin To Net: NetName=NetDD1_21 Pin=DD1-21
Added Pin To Net: NetName=NetDD1_21 Pin=XP9-2
Added Net: Name=NetDD1_21
Added Pin To Net: NetName=NetDD1_22 Pin=DD1-22
Added Pin To Net: NetName=NetDD1_22 Pin=XP9-1
Added Net: Name=NetDD1_22
Added Pin To Net: NetName=NetDD1_29 Pin=DD1-29
Added Pin To Net: NetName=NetDD1_29 Pin=DD1-30
Added Pin To Net: NetName=NetDD1_29 Pin=R19-1
Added Net: Name=NetDD1_29
Added Pin To Net: NetName=NetDD1_31 Pin=DD1-31
Added Pin To Net: NetName=NetDD1_31 Pin=DD1-32
Added Pin To Net: NetName=NetDD1_31 Pin=R20-1
Added Net: Name=NetDD1_31
Added Pin To Net: NetName=NetDD1_34 Pin=DD1-34
Added Pin To Net: NetName=NetDD1_34 Pin=XP5-2
Added Net: Name=NetDD1_34
Added Pin To Net: NetName=NetDD1_37 Pin=DD1-37
Added Pin To Net: NetName=NetDD1_37 Pin=XP5-3
Added Net: Name=NetDD1_37
Added Pin To Net: NetName=NetDD1_39 Pin=DD1-39
Added Pin To Net: NetName=NetDD1_39 Pin=XP8-1
Added Net: Name=NetDD1_39
Added Pin To Net: NetName=NetDD1_40 Pin=DD1-40
Added Pin To Net: NetName=NetDD1_40 Pin=XP6-2
Added Net: Name=NetDD1_40
Added Pin To Net: NetName=NetDD1_41 Pin=DD1-41
Added Pin To Net: NetName=NetDD1_41 Pin=XP6-3
Added Net: Name=NetDD1_41
Added Pin To Net: NetName=NetDD1_42 Pin=DD1-42
Added Pin To Net: NetName=NetDD1_42 Pin=XP7-4
Added Net: Name=NetDD1_42
Added Pin To Net: NetName=NetDD1_45 Pin=DD1-45
Added Pin To Net: NetName=NetDD1_45 Pin=XP8-3
Added Net: Name=NetDD1_45
Added Pin To Net: NetName=NetDD1_46 Pin=DD1-46
Added Pin To Net: NetName=NetDD1_46 Pin=XP6-1
Added Net: Name=NetDD1_46
Added Pin To Net: NetName=NetHL1_2 Pin=HL1-2
Added Pin To Net: NetName=NetHL1_2 Pin=R22-2
Added Net: Name=NetHL1_2
Added Pin To Net: NetName=NetR1_1 Pin=R1-1
Added Pin To Net: NetName=NetR1_1 Pin=R14-2
Added Pin To Net: NetName=NetR1_1 Pin=R18-2
Added Pin To Net: NetName=NetR1_1 Pin=VD2-2
Added Net: Name=NetR1_1
Added Pin To Net: NetName=NetR2_1 Pin=R2-1
Added Pin To Net: NetName=NetR2_1 Pin=R16-2
Added Pin To Net: NetName=NetR2_1 Pin=R20-2
Added Pin To Net: NetName=NetR2_1 Pin=VD4-2
Added Net: Name=NetR2_1
Added Pin To Net: NetName=NetR3_2 Pin=R3-2
Added Pin To Net: NetName=NetR3_2 Pin=R13-1
Added Pin To Net: NetName=NetR3_2 Pin=R17-2
Added Pin To Net: NetName=NetR3_2 Pin=VD1-2
Added Net: Name=NetR3_2
Added Pin To Net: NetName=NetR4_1 Pin=R4-1
Added Pin To Net: NetName=NetR4_1 Pin=XP1-1
Added Net: Name=NetR4_1
Added Pin To Net: NetName=NetR4_2 Pin=R4-2
Added Pin To Net: NetName=NetR4_2 Pin=R5-2
Added Pin To Net: NetName=NetR4_2 Pin=VT1-1
Added Net: Name=NetR4_2
Added Pin To Net: NetName=NetR6_1 Pin=R6-1
Added Pin To Net: NetName=NetR6_1 Pin=XP2-1
Added Net: Name=NetR6_1
Added Pin To Net: NetName=NetR6_2 Pin=R6-2
Added Pin To Net: NetName=NetR6_2 Pin=R7-2
Added Pin To Net: NetName=NetR6_2 Pin=VT2-1
Added Net: Name=NetR6_2
Added Pin To Net: NetName=NetR8_2 Pin=R8-2
Added Pin To Net: NetName=NetR8_2 Pin=R15-1
Added Pin To Net: NetName=NetR8_2 Pin=R19-2
Added Pin To Net: NetName=NetR8_2 Pin=VD3-2
Added Net: Name=NetR8_2
Added Pin To Net: NetName=NetR9_1 Pin=R9-1
Added Pin To Net: NetName=NetR9_1 Pin=XP3-1
Added Net: Name=NetR9_1
Added Pin To Net: NetName=NetR9_2 Pin=R9-2
Added Pin To Net: NetName=NetR9_2 Pin=R10-2
Added Pin To Net: NetName=NetR9_2 Pin=VT3-1
Added Net: Name=NetR9_2
Added Pin To Net: NetName=NetR11_1 Pin=R11-1
Added Pin To Net: NetName=NetR11_1 Pin=XP4-1
Added Net: Name=NetR11_1
Added Pin To Net: NetName=NetR11_2 Pin=R11-2
Added Pin To Net: NetName=NetR11_2 Pin=R12-2
Added Pin To Net: NetName=NetR11_2 Pin=VT4-1
Added Net: Name=NetR11_2
Added Pin To Net: NetName=NetR13_2 Pin=R13-2
Added Pin To Net: NetName=NetR13_2 Pin=VT1-2
Added Net: Name=NetR13_2
Added Pin To Net: NetName=NetR14_1 Pin=R14-1
Added Pin To Net: NetName=NetR14_1 Pin=VT2-2
Added Net: Name=NetR14_1
Added Pin To Net: NetName=NetR15_2 Pin=R15-2
Added Pin To Net: NetName=NetR15_2 Pin=VT3-2
Added Net: Name=NetR15_2
Added Pin To Net: NetName=NetR16_1 Pin=R16-1
Added Pin To Net: NetName=NetR16_1 Pin=VT4-2
Added Net: Name=NetR16_1
Added Pin To Net: NetName=VCC Pin=C6-1
Added Pin To Net: NetName=VCC Pin=C7-1
Added Pin To Net: NetName=VCC Pin=DA1-2
Added Pin To Net: NetName=VCC Pin=DA1-2
Added Pin To Net: NetName=VCC Pin=DD1-1
Added Pin To Net: NetName=VCC Pin=DD1-9
Added Pin To Net: NetName=VCC Pin=DD1-24
Added Pin To Net: NetName=VCC Pin=DD1-36
Added Pin To Net: NetName=VCC Pin=DD1-48
Added Pin To Net: NetName=VCC Pin=HL1-1
Added Pin To Net: NetName=VCC Pin=XP5-1
Added Pin To Net: NetName=VCC Pin=XP7-1
Added Net: Name=VCC
Added Class: Name=Sheet1
Added Room: Name=Sheet1
