Removed Pin From Net: NetName=NetR1_1 Pin=R1-1
Removed Pin From Net: NetName=GND Pin=R1-2
Removed Pin From Net: NetName=NetR2_1 Pin=R2-1
Removed Pin From Net: NetName=GND Pin=R2-2
Change Component Footprint: Designator=R1 Old Footprint=R0402 New Footprint=R0603
Change Component Footprint: Designator=R2 Old Footprint=R0402 New Footprint=R0603
Change component parameters: Designator = "R1" ("R1"); Footprint = "R0402"; UniqueID = "\QLGUQRLO" ("\QLGUQRLO")
Change component parameters (AddParameter): Name = "Application Category"; Value = "1"; VariantName = "[No Variations]"
Change component parameters (AddParameter): Name = "Functional Analog"; Value = "CR0603-JW-103E"; VariantName = "[No Variations]"
Change component parameters (AddParameter): Name = "ID"; Value = "12"; VariantName = "[No Variations]"
Change component parameters (AddParameter): Name = "Limit Voltage"; Value = "50V"; VariantName = "[No Variations]"
Change component parameters (AddParameter): Name = "Manufacturer"; Value = "Yageo"; VariantName = "[No Variations]"
Change component parameters (AddParameter): Name = "Part Number"; Value = "RC0603JR-0710KL"; VariantName = "[No Variations]"
Change component parameters (AddParameter): Name = "Published"; Value = "24.03.2010"; VariantName = "[No Variations]"
Change component parameters (AddParameter): Name = "Publisher"; Value = "Andrew Danich"; VariantName = "[No Variations]"
Change component parameters (AddParameter): Name = "Series Type"; Value = "Thick-Film"; VariantName = "[No Variations]"
Change component parameters (AddParameter): Name = "Temperature Coefficient"; Value = "100ppm"; VariantName = "[No Variations]"
Change component parameters (AddParameter): Name = "Tolerance"; Value = "±5%"; VariantName = "[No Variations]"
Change component parameters (AddParameter): Name = "Total Power Dissipation"; Value = "0.1W"; VariantName = "[No Variations]"
Change component parameters (AddParameter): Name = "Type"; Value = "Ðåçèñòîð"; VariantName = "[No Variations]"
Change component parameters (AddParameter): Name = "Value"; Value = "10k"; VariantName = "[No Variations]"
Change component parameters (AddParameter): Name = "Working Temperature Max"; Value = "+155°Ñ"; VariantName = "[No Variations]"
Change component parameters (AddParameter): Name = "Working Temperature Min"; Value = "-55°Ñ"; VariantName = "[No Variations]"
Change component parameters: Designator = "R2" ("R2"); Footprint = "R0402"; UniqueID = "\JZIBFIAX" ("\JZIBFIAX")
Change component parameters (AddParameter): Name = "Application Category"; Value = "1"; VariantName = "[No Variations]"
Change component parameters (AddParameter): Name = "Functional Analog"; Value = "CR0603-JW-103E"; VariantName = "[No Variations]"
Change component parameters (AddParameter): Name = "ID"; Value = "12"; VariantName = "[No Variations]"
Change component parameters (AddParameter): Name = "Limit Voltage"; Value = "50V"; VariantName = "[No Variations]"
Change component parameters (AddParameter): Name = "Manufacturer"; Value = "Yageo"; VariantName = "[No Variations]"
Change component parameters (AddParameter): Name = "Part Number"; Value = "RC0603JR-0710KL"; VariantName = "[No Variations]"
Change component parameters (AddParameter): Name = "Published"; Value = "24.03.2010"; VariantName = "[No Variations]"
Change component parameters (AddParameter): Name = "Publisher"; Value = "Andrew Danich"; VariantName = "[No Variations]"
Change component parameters (AddParameter): Name = "Series Type"; Value = "Thick-Film"; VariantName = "[No Variations]"
Change component parameters (AddParameter): Name = "Temperature Coefficient"; Value = "100ppm"; VariantName = "[No Variations]"
Change component parameters (AddParameter): Name = "Tolerance"; Value = "±5%"; VariantName = "[No Variations]"
Change component parameters (AddParameter): Name = "Total Power Dissipation"; Value = "0.1W"; VariantName = "[No Variations]"
Change component parameters (AddParameter): Name = "Type"; Value = "Ðåçèñòîð"; VariantName = "[No Variations]"
Change component parameters (AddParameter): Name = "Value"; Value = "10k"; VariantName = "[No Variations]"
Change component parameters (AddParameter): Name = "Working Temperature Max"; Value = "+155°Ñ"; VariantName = "[No Variations]"
Change component parameters (AddParameter): Name = "Working Temperature Min"; Value = "-55°Ñ"; VariantName = "[No Variations]"
Added Pin To Net: NetName=GND Pin=R1-1
Added Pin To Net: NetName=NetR1_1 Pin=R1-2
Added Pin To Net: NetName=GND Pin=R2-1
Added Pin To Net: NetName=NetR2_1 Pin=R2-2
Change Net Name : Old Net Name=NetR1_1 New Net Name=NetR1_2
Change Net Name : Old Net Name=NetR2_1 New Net Name=NetR2_2
